2014-11-13 12:14:11.878+0000 INFO  [org.neo4j]: You are using an unsupported version of the Java runtime. Please use Oracle(R) Java(TM) Runtime Environment 7 or OpenJDK(TM) 7.
2014-11-13 12:14:11.925+0000 INFO  [org.neo4j]: No locking implementation specified, defaulting to 'community'
2014-11-13 12:14:12.003+0000 INFO  [org.neo4j]: --- INITIALIZED diagnostics START ---
2014-11-13 12:14:12.003+0000 INFO  [org.neo4j]: Neo4j Kernel properties:
    neostore.propertystore.db.strings.mapped_memory=93M
    ephemeral=false
    neostore.nodestore.db.mapped_memory=30M
    store_dir=target/neo4j-store-with-new-indexing
    neostore.propertystore.db.arrays.mapped_memory=106M
    neostore.propertystore.db.mapped_memory=110M
    neostore.relationshipstore.db.mapped_memory=134M
2014-11-13 12:14:12.003+0000 INFO  [org.neo4j]: Diagnostics providers:
    org.neo4j.kernel.configuration.Config
    org.neo4j.kernel.info.DiagnosticsManager
    SYSTEM_MEMORY
    JAVA_MEMORY
    OPERATING_SYSTEM
    JAVA_VIRTUAL_MACHINE
    CLASSPATH
    LIBRARY_PATH
    SYSTEM_PROPERTIES
    NETWORK
2014-11-13 12:14:12.003+0000 INFO  [org.neo4j]: System memory information:
    Total Physical memory: 7.91 GB
    Free Physical memory: 4.70 GB
    Committed virtual memory: 232.79 MB
    Total swap space: 9.16 GB
    Free swap space: 5.24 GB
2014-11-13 12:14:12.018+0000 INFO  [org.neo4j]: JVM memory information:
    Free  memory: 108.03 MB
    Total memory: 123.00 MB
    Max   memory: 1.76 GB
    Garbage Collector: PS Scavenge: [PS Eden Space, PS Survivor Space]
    Garbage Collector: PS MarkSweep: [PS Eden Space, PS Survivor Space, PS Old Gen]
    Memory Pool: Code Cache (Non-heap memory): committed=2.44 MB, used=2.27 MB, max=240.00 MB, threshold=0.00 B
    Memory Pool: Metaspace (Non-heap memory): committed=6.63 MB, used=6.29 MB, max=-1.00 B, threshold=0.00 B
    Memory Pool: Compressed Class Space (Non-heap memory): committed=896.00 kB, used=842.18 kB, max=1.00 GB, threshold=0.00 B
    Memory Pool: PS Eden Space (Heap memory): committed=32.50 MB, used=15.62 MB, max=664.50 MB, threshold=?
    Memory Pool: PS Survivor Space (Heap memory): committed=5.00 MB, used=0.00 B, max=5.00 MB, threshold=?
    Memory Pool: PS Old Gen (Heap memory): committed=85.50 MB, used=0.00 B, max=1.32 GB, threshold=0.00 B
2014-11-13 12:14:12.018+0000 INFO  [org.neo4j]: Operating system information:
    Operating System: Windows 8.1; version: 6.3; arch: amd64; cpus: 4
    Process id: 8768@yogi-PC
    Byte order: LITTLE_ENDIAN
    Local timezone: Asia/Jerusalem
2014-11-13 12:14:12.050+0000 INFO  [org.neo4j]: JVM information:
    VM Name: Java HotSpot(TM) 64-Bit Server VM
    VM Vendor: Oracle Corporation
    VM Version: 25.25-b02
    JIT compiler: HotSpot 64-Bit Tiered Compilers
    VM Arguments: [-Dfile.encoding=Cp1255]
2014-11-13 12:14:12.050+0000 INFO  [org.neo4j]: Java classpath:
     [classpath] C:\Program Files\neo4j-community-2.1.5\lib\neo4j-kernel-2.1.5.jar
     [bootstrap] C:\Program Files\Java\jre1.8.0_25\lib\jsse.jar
     [loader.0] file:/C:/Program%20Files/neo4j-community-2.1.5/lib/neo4j-cypher-2.1.5.jar
     [classpath] C:\Program Files\neo4j-community-2.1.5\lib\neo4j-primitive-collections-2.1.5.jar
     [loader.0] file:/C:/Program%20Files/neo4j-community-2.1.5/lib/parboiled-core-1.1.6.jar
     [classpath] C:\Program Files\neo4j-community-2.1.5\lib\parboiled-core-1.1.6.jar
     [bootstrap] C:\Program Files\Java\jre1.8.0_25\lib\sunrsasign.jar
     [classpath] C:\Program Files\neo4j-community-2.1.5\lib\parboiled-scala_2.10-1.1.6.jar
     [loader.0] file:/C:/Program%20Files/neo4j-community-2.1.5/lib/neo4j-cypher-compiler-2.0-2.0.3.jar
     [loader.0] file:/C:/Program%20Files/neo4j-community-2.1.5/lib/opencsv-2.0.jar
     [loader.0] file:/C:/Program%20Files/neo4j-community-2.1.5/lib/parboiled-scala_2.10-1.1.6.jar
     [loader.0] file:/C:/Program%20Files/neo4j-community-2.1.5/lib/neo4j-cypher-compiler-2.1-2.1.5.jar
     [loader.0] file:/C:/Program%20Files/neo4j-community-2.1.5/lib/lucene-core-3.6.2.jar
     [classpath] C:\Program Files\neo4j-community-2.1.5\lib\neo4j-cypher-compiler-2.0-2.0.3.jar
     [classpath] C:\Program Files\neo4j-community-2.1.5\lib\neo4j-cypher-compiler-2.1-2.1.5.jar
     [classpath] C:\Program Files\neo4j-community-2.1.5\lib\neo4j-jmx-2.1.5.jar
     [classpath] C:\Program Files\neo4j-community-2.1.5\lib\org.apache.servicemix.bundles.jline-0.9.94_1.jar
     [classpath] C:\Program Files\neo4j-community-2.1.5\lib\lucene-core-3.6.2.jar
     [classpath] C:\Program Files\neo4j-community-2.1.5\lib\neo4j-graph-algo-2.1.5.jar
     [classpath] C:\Program Files\neo4j-community-2.1.5\lib\neo4j-udc-2.1.5.jar
     [loader.0] file:/C:/Program%20Files/neo4j-community-2.1.5/lib/server-api-2.1.5.jar
     [loader.1] file:/C:/Program%20Files/Java/jre1.8.0_25/lib/ext/dnsns.jar
     [loader.0] file:/C:/Program%20Files/neo4j-community-2.1.5/lib/org.apache.servicemix.bundles.jline-0.9.94_1.jar
     [loader.0] file:/C:/Program%20Files/neo4j-community-2.1.5/lib/neo4j-lucene-index-2.1.5.jar
     [loader.0] file:/C:/Program%20Files/neo4j-community-2.1.5/lib/neo4j-graph-matching-2.1.5.jar
     [loader.1] file:/C:/Program%20Files/Java/jre1.8.0_25/lib/ext/cldrdata.jar
     [classpath + loader.0] file:/C:/Users/yogev/workspace/neo4j/Try1/bin/
     [loader.1] file:/C:/Program%20Files/Java/jre1.8.0_25/lib/ext/access-bridge-64.jar
     [loader.1] file:/C:/Program%20Files/Java/jre1.8.0_25/lib/ext/nashorn.jar
     [loader.0] file:/C:/Program%20Files/neo4j-community-2.1.5/lib/neo4j-cypher-compiler-1.9-2.0.3.jar
     [bootstrap] C:\Program Files\Java\jre1.8.0_25\lib\charsets.jar
     [classpath] C:\Program Files\neo4j-community-2.1.5\lib\opencsv-2.0.jar
     [bootstrap] C:\Program Files\Java\jre1.8.0_25\lib\jce.jar
     [classpath] C:\Program Files\neo4j-community-2.1.5\lib\neo4j-cypher-commons-2.1.5.jar
     [classpath] C:\Program Files\neo4j-community-2.1.5\lib\neo4j-graph-matching-2.1.5.jar
     [bootstrap] C:\Program Files\Java\jre1.8.0_25\classes
     [loader.1] file:/C:/Program%20Files/Java/jre1.8.0_25/lib/ext/localedata.jar
     [classpath] C:\Program Files\neo4j-community-2.1.5\lib\neo4j-cypher-2.1.5.jar
     [classpath] C:\Program Files\neo4j-community-2.1.5\lib\neo4j-lucene-index-2.1.5.jar
     [classpath] C:\Program Files\neo4j-community-2.1.5\lib\concurrentlinkedhashmap-lru-1.3.1.jar
     [classpath] C:\Program Files\neo4j-community-2.1.5\lib\neo4j-cypher-compiler-1.9-2.0.3.jar
     [loader.0] file:/C:/Program%20Files/neo4j-community-2.1.5/lib/geronimo-jta_1.1_spec-1.1.1.jar
     [loader.1] file:/C:/Program%20Files/Java/jre1.8.0_25/lib/ext/sunmscapi.jar
     [bootstrap] C:\Program Files\Java\jre1.8.0_25\lib\jfr.jar
     [loader.0] file:/C:/Program%20Files/neo4j-community-2.1.5/lib/neo4j-shell-2.1.5.jar
     [bootstrap] C:\Program Files\Java\jre1.8.0_25\lib\resources.jar
     [loader.0] file:/C:/Program%20Files/neo4j-community-2.1.5/lib/neo4j-kernel-2.1.5.jar
     [loader.1] file:/C:/Program%20Files/Java/jre1.8.0_25/lib/ext/jaccess.jar
     [bootstrap] C:\Program Files\Java\jre1.8.0_25\lib\rt.jar
     [loader.1] file:/C:/Program%20Files/Java/jre1.8.0_25/lib/ext/zipfs.jar
     [loader.0] file:/C:/Program%20Files/neo4j-community-2.1.5/lib/concurrentlinkedhashmap-lru-1.3.1.jar
     [loader.0] file:/C:/Program%20Files/neo4j-community-2.1.5/lib/neo4j-graph-algo-2.1.5.jar
     [loader.1] file:/C:/Program%20Files/Java/jre1.8.0_25/lib/ext/sunjce_provider.jar
     [loader.0] file:/C:/Program%20Files/neo4j-community-2.1.5/lib/neo4j-cypher-commons-2.1.5.jar
     [loader.0] file:/C:/Program%20Files/neo4j-community-2.1.5/lib/neo4j-primitive-collections-2.1.5.jar
     [loader.1] file:/C:/Program%20Files/Java/jre1.8.0_25/lib/ext/sunec.jar
     [classpath] C:\Program Files\neo4j-community-2.1.5\lib\server-api-2.1.5.jar
     [loader.0] file:/C:/Program%20Files/neo4j-community-2.1.5/lib/scala-library-2.10.4.jar
     [classpath] C:\Program Files\neo4j-community-2.1.5\lib\geronimo-jta_1.1_spec-1.1.1.jar
     [classpath] C:\Program Files\neo4j-community-2.1.5\lib\scala-library-2.10.4.jar
     [loader.1] file:/C:/Program%20Files/Java/jre1.8.0_25/lib/ext/sunpkcs11.jar
     [loader.0] file:/C:/Program%20Files/neo4j-community-2.1.5/lib/neo4j-udc-2.1.5.jar
     [classpath] C:\Program Files\neo4j-community-2.1.5\lib\neo4j-shell-2.1.5.jar
     [loader.0] file:/C:/Program%20Files/neo4j-community-2.1.5/lib/neo4j-jmx-2.1.5.jar
     [loader.1] file:/C:/Program%20Files/Java/jre1.8.0_25/lib/ext/jfxrt.jar
2014-11-13 12:14:12.050+0000 INFO  [org.neo4j]: Library path:
    C:\Program Files\Java\jre1.8.0_25\bin
    C:\Windows\Sun\Java\bin
    C:\Windows\System32
    C:\Windows
    C:\Program Files\Java\jre1.8.0_25\bin\server
    C:\Program Files\Java\jre1.8.0_25\bin
    C:\Program Files\Java\jre1.8.0_25\lib\amd64
    C:\ProgramData\Oracle\Java\javapath
    C:\Program Files (x86)\Intel\iCLS Client
    C:\Program Files\Intel\iCLS Client
    C:\Windows\System32
    C:\Windows
    C:\Windows\System32\wbem
    C:\Windows\System32\WindowsPowerShell\v1.0
    C:\Program Files\Intel\Intel(R) Management Engine Components\DAL
    C:\Program Files\Intel\Intel(R) Management Engine Components\IPT
    C:\Program Files (x86)\Intel\Intel(R) Management Engine Components\DAL
    C:\Program Files (x86)\Intel\Intel(R) Management Engine Components\IPT
    C:\eclipse
    C:\Users\yogev\workspace\neo4j\Try1
    C:\Users\yogev\workspace\neo4j\Try1
2014-11-13 12:14:12.065+0000 INFO  [org.neo4j]: System.properties:
    sun.boot.library.path = C:\Program Files\Java\jre1.8.0_25\bin
    path.separator = ;
    file.encoding.pkg = sun.io
    user.country = IL
    user.script = 
    sun.java.launcher = SUN_STANDARD
    sun.os.patch.level = 
    user.dir = C:\Users\yogev\workspace\neo4j\Try1
    user.variant = 
    sun.jnu.encoding = Cp1255
    sun.management.compiler = HotSpot 64-Bit Tiered Compilers
    user.home = C:\Users\yogev
    user.timezone = Asia/Jerusalem
    file.encoding = Cp1255
    user.name = yogev
    sun.java.command = main
    sun.arch.data.model = 64
    user.language = he
    awt.toolkit = sun.awt.windows.WToolkit
    file.separator = \
    sun.io.unicode.encoding = UnicodeLittle
    sun.cpu.endian = little
    sun.desktop = windows
    sun.cpu.isalist = amd64
2014-11-13 12:14:12.065+0000 INFO  [org.neo4j]: Network information:
    Interface Software Loopback Interface 1:
        address: 127.0.0.1
        address: 0:0:0:0:0:0:0:1
    Interface Microsoft Kernel Debug Network Adapter:
    Interface Realtek PCIe FE Family Controller:
        address: fe80:0:0:0:82a:68b9:ef3e:92dd%eth1
    Interface Dell Wireless 1705 802.11b/g/n (2.4GHZ):
        address: 10.8.6.4
        address: fe80:0:0:0:d5b3:4416:41b5:2e62%wlan0
    Interface Microsoft Wi-Fi Direct Virtual Adapter:
        address: fe80:0:0:0:79a2:7fe8:d8b3:2ee8%wlan1
    Interface Microsoft ISATAP Adapter:
    Interface Microsoft 6to4 Adapter:
    Interface Bluetooth Device (Personal Area Network):
        address: fe80:0:0:0:18d1:933b:2adc:4cd7%eth2
    Interface Bluetooth Device (RFCOMM Protocol TDI):
    Interface Teredo Tunneling Pseudo-Interface:
        address: 2001:0:9d38:6abd:459:115e:f5f7:f9fb
        address: fe80:0:0:0:459:115e:f5f7:f9fb%net3
    Interface Apple Mobile Device Ethernet:
    Interface Microsoft ISATAP Adapter #5:
        address: fe80:0:0:0:0:5efe:a08:604%net4
    Interface Microsoft ISATAP Adapter #2:
    Interface Realtek PCIe FE Family Controller-WFP Native MAC Layer LightWeight Filter-0000:
    Interface Realtek PCIe FE Family Controller-QoS Packet Scheduler-0000:
    Interface Realtek PCIe FE Family Controller-WFP 802.3 MAC Layer LightWeight Filter-0000:
    Interface Dell Wireless 1705 802.11b/g/n (2.4GHZ)-WFP Native MAC Layer LightWeight Filter-0000:
    Interface Dell Wireless 1705 802.11b/g/n (2.4GHZ)-Virtual WiFi Filter Driver-0000:
    Interface Dell Wireless 1705 802.11b/g/n (2.4GHZ)-Native WiFi Filter Driver-0000:
    Interface Dell Wireless 1705 802.11b/g/n (2.4GHZ)-QoS Packet Scheduler-0000:
    Interface Dell Wireless 1705 802.11b/g/n (2.4GHZ)-WFP 802.3 MAC Layer LightWeight Filter-0000:
    Interface Microsoft Wi-Fi Direct Virtual Adapter-WFP Native MAC Layer LightWeight Filter-0000:
    Interface Microsoft Wi-Fi Direct Virtual Adapter-Native WiFi Filter Driver-0000:
    Interface Microsoft Wi-Fi Direct Virtual Adapter-QoS Packet Scheduler-0000:
    Interface Microsoft Wi-Fi Direct Virtual Adapter-WFP 802.3 MAC Layer LightWeight Filter-0000:
2014-11-13 12:14:12.112+0000 INFO  [org.neo4j]: --- INITIALIZED diagnostics END ---
2014-11-13 12:14:12.253+0000 INFO  [org.neo4j]: Creating new db @ target\neo4j-store-with-new-indexing\neostore
2014-11-13 12:14:13.693+0000 INFO  [org.neo4j]: [target\neo4j-store-with-new-indexing\neostore.relationshiptypestore.db.names] brickCount=0 brickSize=0b mappedMem=0b (storeSize=38b)
2014-11-13 12:14:13.693+0000 INFO  [org.neo4j]: [target\neo4j-store-with-new-indexing\neostore.relationshiptypestore.db] brickCount=0 brickSize=0b mappedMem=0b (storeSize=0b)
2014-11-13 12:14:13.802+0000 INFO  [org.neo4j]: target\neo4j-store-with-new-indexing\neostore.relationshiptypestore.db.names hit=0 miss=0 switches=0 ooe=0
2014-11-13 12:14:13.974+0000 INFO  [org.neo4j]: target\neo4j-store-with-new-indexing\neostore.relationshiptypestore.db hit=0 miss=0 switches=0 ooe=0
2014-11-13 12:14:14.287+0000 INFO  [org.neo4j]: [target\neo4j-store-with-new-indexing\neostore.labeltokenstore.db.names] brickCount=0 brickSize=0b mappedMem=0b (storeSize=38b)
2014-11-13 12:14:14.287+0000 INFO  [org.neo4j]: [target\neo4j-store-with-new-indexing\neostore.labeltokenstore.db] brickCount=0 brickSize=0b mappedMem=0b (storeSize=0b)
2014-11-13 12:14:14.302+0000 INFO  [org.neo4j]: target\neo4j-store-with-new-indexing\neostore.labeltokenstore.db.names hit=0 miss=0 switches=0 ooe=0
2014-11-13 12:14:14.427+0000 INFO  [org.neo4j]: target\neo4j-store-with-new-indexing\neostore.labeltokenstore.db hit=0 miss=0 switches=0 ooe=0
2014-11-13 12:14:14.943+0000 INFO  [org.neo4j]: [target\neo4j-store-with-new-indexing\neostore.relationshiptypestore.db.names] brickCount=0 brickSize=0b mappedMem=0b (storeSize=38b)
2014-11-13 12:14:14.943+0000 INFO  [org.neo4j]: [target\neo4j-store-with-new-indexing\neostore.relationshiptypestore.db] brickCount=0 brickSize=0b mappedMem=0b (storeSize=0b)
2014-11-13 12:14:14.943+0000 INFO  [org.neo4j]: [target\neo4j-store-with-new-indexing\neostore.labeltokenstore.db.names] brickCount=0 brickSize=0b mappedMem=0b (storeSize=38b)
2014-11-13 12:14:14.943+0000 INFO  [org.neo4j]: [target\neo4j-store-with-new-indexing\neostore.labeltokenstore.db] brickCount=0 brickSize=0b mappedMem=0b (storeSize=0b)
2014-11-13 12:14:14.943+0000 INFO  [org.neo4j]: [target\neo4j-store-with-new-indexing\neostore.propertystore.db.strings] brickCount=0 brickSize=97408b mappedMem=97517568b (storeSize=128b)
2014-11-13 12:14:14.943+0000 INFO  [org.neo4j]: [target\neo4j-store-with-new-indexing\neostore.propertystore.db.index.keys] brickCount=0 brickSize=0b mappedMem=0b (storeSize=38b)
2014-11-13 12:14:14.943+0000 INFO  [org.neo4j]: [target\neo4j-store-with-new-indexing\neostore.propertystore.db.index] brickCount=0 brickSize=0b mappedMem=0b (storeSize=0b)
2014-11-13 12:14:14.943+0000 INFO  [org.neo4j]: [target\neo4j-store-with-new-indexing\neostore.propertystore.db.arrays] brickCount=0 brickSize=111104b mappedMem=111149056b (storeSize=128b)
2014-11-13 12:14:14.943+0000 INFO  [org.neo4j]: [target\neo4j-store-with-new-indexing\neostore.propertystore.db] brickCount=0 brickSize=1153412b mappedMem=115343360b (storeSize=0b)
2014-11-13 12:14:14.943+0000 INFO  [org.neo4j]: [target\neo4j-store-with-new-indexing\neostore.relationshipstore.db] brickCount=0 brickSize=1405084b mappedMem=140509184b (storeSize=0b)
2014-11-13 12:14:14.959+0000 INFO  [org.neo4j]: [target\neo4j-store-with-new-indexing\neostore.nodestore.db.labels] brickCount=0 brickSize=0b mappedMem=0b (storeSize=68b)
2014-11-13 12:14:14.959+0000 INFO  [org.neo4j]: [target\neo4j-store-with-new-indexing\neostore.nodestore.db] brickCount=0 brickSize=314565b mappedMem=31457280b (storeSize=0b)
2014-11-13 12:14:14.959+0000 INFO  [org.neo4j]: [target\neo4j-store-with-new-indexing\neostore.schemastore.db] brickCount=0 brickSize=0b mappedMem=0b (storeSize=64b)
2014-11-13 12:14:14.959+0000 INFO  [org.neo4j]: [target\neo4j-store-with-new-indexing\neostore.relationshipgroupstore.db] brickCount=0 brickSize=0b mappedMem=0b (storeSize=25b)
2014-11-13 12:14:14.959+0000 INFO  [org.neo4j]: [target\neo4j-store-with-new-indexing\neostore] brickCount=0 brickSize=0b mappedMem=0b (storeSize=0b)
2014-11-13 12:14:15.068+0000 INFO  [org.neo4j]: target\neo4j-store-with-new-indexing\neostore.relationshiptypestore.db.names hit=0 miss=0 switches=0 ooe=0
2014-11-13 12:14:15.256+0000 INFO  [org.neo4j]: target\neo4j-store-with-new-indexing\neostore.relationshiptypestore.db hit=0 miss=0 switches=0 ooe=0
2014-11-13 12:14:15.365+0000 INFO  [org.neo4j]: target\neo4j-store-with-new-indexing\neostore.labeltokenstore.db.names hit=0 miss=0 switches=0 ooe=0
2014-11-13 12:14:15.490+0000 INFO  [org.neo4j]: target\neo4j-store-with-new-indexing\neostore.labeltokenstore.db hit=0 miss=0 switches=0 ooe=0
2014-11-13 12:14:15.615+0000 INFO  [org.neo4j]: target\neo4j-store-with-new-indexing\neostore.propertystore.db.strings hit=0 miss=0 switches=0 ooe=0
2014-11-13 12:14:15.740+0000 INFO  [org.neo4j]: target\neo4j-store-with-new-indexing\neostore.propertystore.db.index.keys hit=0 miss=0 switches=0 ooe=0
2014-11-13 12:14:15.849+0000 INFO  [org.neo4j]: target\neo4j-store-with-new-indexing\neostore.propertystore.db.index hit=0 miss=0 switches=0 ooe=0
2014-11-13 12:14:15.974+0000 INFO  [org.neo4j]: target\neo4j-store-with-new-indexing\neostore.propertystore.db.arrays hit=0 miss=0 switches=0 ooe=0
2014-11-13 12:14:16.099+0000 INFO  [org.neo4j]: target\neo4j-store-with-new-indexing\neostore.propertystore.db hit=0 miss=0 switches=0 ooe=0
2014-11-13 12:14:16.209+0000 INFO  [org.neo4j]: target\neo4j-store-with-new-indexing\neostore.relationshipstore.db hit=0 miss=0 switches=0 ooe=0
2014-11-13 12:14:16.412+0000 INFO  [org.neo4j]: target\neo4j-store-with-new-indexing\neostore.nodestore.db.labels hit=0 miss=0 switches=0 ooe=0
2014-11-13 12:14:16.709+0000 INFO  [org.neo4j]: target\neo4j-store-with-new-indexing\neostore.nodestore.db hit=0 miss=0 switches=0 ooe=0
2014-11-13 12:14:16.834+0000 INFO  [org.neo4j]: target\neo4j-store-with-new-indexing\neostore.schemastore.db hit=0 miss=0 switches=0 ooe=0
2014-11-13 12:14:16.974+0000 INFO  [org.neo4j]: target\neo4j-store-with-new-indexing\neostore.relationshipgroupstore.db hit=0 miss=0 switches=0 ooe=0
2014-11-13 12:14:17.131+0000 INFO  [org.neo4j]: target\neo4j-store-with-new-indexing\neostore hit=0 miss=10 switches=0 ooe=0
2014-11-13 12:14:17.224+0000 INFO  [org.neo4j]: [target\neo4j-store-with-new-indexing\neostore.relationshiptypestore.db.names] brickCount=0 brickSize=0b mappedMem=0b (storeSize=38b)
2014-11-13 12:14:17.224+0000 INFO  [org.neo4j]: [target\neo4j-store-with-new-indexing\neostore.relationshiptypestore.db] brickCount=0 brickSize=0b mappedMem=0b (storeSize=0b)
2014-11-13 12:14:17.224+0000 INFO  [org.neo4j]: [target\neo4j-store-with-new-indexing\neostore.labeltokenstore.db.names] brickCount=0 brickSize=0b mappedMem=0b (storeSize=38b)
2014-11-13 12:14:17.240+0000 INFO  [org.neo4j]: [target\neo4j-store-with-new-indexing\neostore.labeltokenstore.db] brickCount=0 brickSize=0b mappedMem=0b (storeSize=0b)
2014-11-13 12:14:17.240+0000 INFO  [org.neo4j]: [target\neo4j-store-with-new-indexing\neostore.propertystore.db.strings] brickCount=0 brickSize=97408b mappedMem=97517568b (storeSize=128b)
2014-11-13 12:14:17.240+0000 INFO  [org.neo4j]: [target\neo4j-store-with-new-indexing\neostore.propertystore.db.index.keys] brickCount=0 brickSize=0b mappedMem=0b (storeSize=38b)
2014-11-13 12:14:17.240+0000 INFO  [org.neo4j]: [target\neo4j-store-with-new-indexing\neostore.propertystore.db.index] brickCount=0 brickSize=0b mappedMem=0b (storeSize=0b)
2014-11-13 12:14:17.240+0000 INFO  [org.neo4j]: [target\neo4j-store-with-new-indexing\neostore.propertystore.db.arrays] brickCount=0 brickSize=111104b mappedMem=111149056b (storeSize=128b)
2014-11-13 12:14:17.240+0000 INFO  [org.neo4j]: [target\neo4j-store-with-new-indexing\neostore.propertystore.db] brickCount=0 brickSize=1153412b mappedMem=115343360b (storeSize=0b)
2014-11-13 12:14:17.240+0000 INFO  [org.neo4j]: [target\neo4j-store-with-new-indexing\neostore.relationshipstore.db] brickCount=0 brickSize=1405084b mappedMem=140509184b (storeSize=0b)
2014-11-13 12:14:17.240+0000 INFO  [org.neo4j]: [target\neo4j-store-with-new-indexing\neostore.nodestore.db.labels] brickCount=0 brickSize=0b mappedMem=0b (storeSize=68b)
2014-11-13 12:14:17.240+0000 INFO  [org.neo4j]: [target\neo4j-store-with-new-indexing\neostore.nodestore.db] brickCount=0 brickSize=314565b mappedMem=31457280b (storeSize=0b)
2014-11-13 12:14:17.240+0000 INFO  [org.neo4j]: [target\neo4j-store-with-new-indexing\neostore.schemastore.db] brickCount=0 brickSize=0b mappedMem=0b (storeSize=64b)
2014-11-13 12:14:17.240+0000 INFO  [org.neo4j]: [target\neo4j-store-with-new-indexing\neostore.relationshipgroupstore.db] brickCount=0 brickSize=0b mappedMem=0b (storeSize=25b)
2014-11-13 12:14:17.240+0000 INFO  [org.neo4j]: [target\neo4j-store-with-new-indexing\neostore] brickCount=0 brickSize=0b mappedMem=0b (storeSize=81b)
2014-11-13 12:14:17.318+0000 INFO  [org.neo4j]: No lucene scan store index found, this might just be first use. Preparing to rebuild.
2014-11-13 12:14:17.349+0000 INFO  [org.neo4j]: No lucene scan store index found, this might just be first use. Preparing to rebuild.
2014-11-13 12:14:17.443+0000 INFO  [org.neo4j]: Opened logical log [target\neo4j-store-with-new-indexing\nioneo_logical.log.1] version=0, lastTxId=1 (clean)
2014-11-13 12:14:17.586+0000 INFO  [org.neo4j]: Rebuilding lucene scan store, this may take a while
2014-11-13 12:14:17.586+0000 INFO  [org.neo4j]: Lucene scan store rebuilt (roughly -1 nodes)
2014-11-13 12:14:17.586+0000 INFO  [org.neo4j]: TM new log: tm_tx_log.1
2014-11-13 12:14:17.648+0000 INFO  [org.neo4j]: Kernel health set to OK
2014-11-13 12:14:17.664+0000 INFO  [org.neo4j]: Opened logical log [target\neo4j-store-with-new-indexing\index\lucene.log.1] version=0, lastTxId=1 (clean)
2014-11-13 12:14:17.711+0000 INFO  [org.neo4j]: --- STARTED diagnostics for KernelDiagnostics:Versions START ---
2014-11-13 12:14:17.711+0000 INFO  [org.neo4j]: Graph Database: org.neo4j.kernel.EmbeddedGraphDatabase StoreId{creationTime=1415880852268, randomId=8495357222025229297, storeVersion=14406081294923270, upgradeTime=1415880852268, upgradeId=8495357222025229297}
2014-11-13 12:14:17.711+0000 INFO  [org.neo4j]: Kernel version: Neo4j - Graph Database Kernel (neo4j-kernel), version: 2.1.5
2014-11-13 12:14:17.711+0000 INFO  [org.neo4j]: Neo4j component versions:
2014-11-13 12:14:17.726+0000 INFO  [org.neo4j]:   Neo4j - Cypher Compiler 1.9 (neo4j-cypher-compiler-1.9), version: 2.0.3; revision: 2.0.3:2.0-maint:72/307c563c11b75fdc71cfa6df05daf9b08d6c37dc
2014-11-13 12:14:17.726+0000 INFO  [org.neo4j]:   Neo4j - Cypher Commons (neo4j-cypher-commons), version: 2.1.5; revision: 2.1.5:2.1-maint:529/45c3cc04946c2b0e243e48c8252e40cb85931744
2014-11-13 12:14:17.726+0000 INFO  [org.neo4j]:   neo4j-udc, version: 2.1.5; revision: 2.1.5:2.1-maint:529/45c3cc04946c2b0e243e48c8252e40cb85931744
2014-11-13 12:14:17.726+0000 INFO  [org.neo4j]:   Neo4j Server API (server-api), version: 2.1.5; revision: 2.1.5:2.1-maint:529/45c3cc04946c2b0e243e48c8252e40cb85931744
2014-11-13 12:14:17.726+0000 INFO  [org.neo4j]:   Neo4j - Lucene Index (neo4j-lucene-index), version: 2.1.5; revision: 2.1.5:2.1-maint:529/45c3cc04946c2b0e243e48c8252e40cb85931744
2014-11-13 12:14:17.726+0000 INFO  [org.neo4j]:   Neo4j - Cypher Compiler 2.0 (neo4j-cypher-compiler-2.0), version: 2.0.3; revision: 2.0.3:2.0-maint:72/307c563c11b75fdc71cfa6df05daf9b08d6c37dc
2014-11-13 12:14:17.726+0000 INFO  [org.neo4j]:   Neo4j - Graph Matching (neo4j-graph-matching), version: 2.1.5; revision: 2.1.5:2.1-maint:529/45c3cc04946c2b0e243e48c8252e40cb85931744
2014-11-13 12:14:17.726+0000 INFO  [org.neo4j]:   Neo4j - Graph Database Kernel (neo4j-kernel), version: 2.1.5; revision: 2.1.5:2.1-maint:529/45c3cc04946c2b0e243e48c8252e40cb85931744
2014-11-13 12:14:17.726+0000 INFO  [org.neo4j]:   Neo4j - JMX support (neo4j-jmx), version: 2.1.5; revision: 2.1.5:2.1-maint:529/45c3cc04946c2b0e243e48c8252e40cb85931744
2014-11-13 12:14:17.726+0000 INFO  [org.neo4j]:   Neo4j - Cypher (neo4j-cypher), version: 2.1.5; revision: 2.1.5:2.1-maint:529/45c3cc04946c2b0e243e48c8252e40cb85931744
2014-11-13 12:14:17.726+0000 INFO  [org.neo4j]:   Neo4j - Generic shell (neo4j-shell), version: 2.1.5; revision: 2.1.5:2.1-maint:529/45c3cc04946c2b0e243e48c8252e40cb85931744
2014-11-13 12:14:17.726+0000 INFO  [org.neo4j]:   Neo4j - Graph Algorithms (neo4j-graph-algo), version: 2.1.5; revision: 2.1.5:2.1-maint:529/45c3cc04946c2b0e243e48c8252e40cb85931744
2014-11-13 12:14:17.726+0000 INFO  [org.neo4j]: --- STARTED diagnostics for KernelDiagnostics:Versions END ---
2014-11-13 12:14:17.726+0000 INFO  [org.neo4j]: --- STARTED diagnostics for NEO_STORE_VERSIONS START ---
2014-11-13 12:14:17.726+0000 INFO  [org.neo4j]: Store versions:
    Store versions:
      NeoStore v0.A.3
      SchemaStore v0.A.3
      NodeStore v0.A.3
      RelationshipStore v0.A.3
      RelationshipTypeStore v0.A.3
      LabelTokenStore v0.A.3
      PropertyStore v0.A.3
      PropertyIndexStore v0.A.3
      StringPropertyStore v0.A.3
      ArrayPropertyStore v0.A.3
      RelationshipGroupStore v0.A.3
2014-11-13 12:14:17.726+0000 INFO  [org.neo4j]: --- STARTED diagnostics for NEO_STORE_VERSIONS END ---
2014-11-13 12:14:17.726+0000 INFO  [org.neo4j]: --- STARTED diagnostics for NEO_STORE_ID_USAGE START ---
2014-11-13 12:14:17.726+0000 INFO  [org.neo4j]: Id usage:
    Id usage:
      SchemaStore: used=1 high=0
      NodeStore: used=0 high=-1
      RelationshipStore: used=0 high=-1
      RelationshipTypeStore: used=0 high=-1
      LabelTokenStore: used=0 high=-1
      PropertyStore: used=0 high=-1
      PropertyIndexStore: used=0 high=-1
      StringPropertyStore: used=1 high=0
      ArrayPropertyStore: used=1 high=0
      RelationshipGroupStore: used=1 high=0
2014-11-13 12:14:17.726+0000 INFO  [org.neo4j]: --- STARTED diagnostics for NEO_STORE_ID_USAGE END ---
2014-11-13 12:14:17.726+0000 INFO  [org.neo4j]: --- STARTED diagnostics for PERSISTENCE_WINDOW_POOL_STATS START ---
2014-11-13 12:14:17.726+0000 INFO  [org.neo4j]: --- STARTED diagnostics for PERSISTENCE_WINDOW_POOL_STATS END ---
2014-11-13 12:14:17.726+0000 INFO  [org.neo4j]: --- STARTED diagnostics for KernelDiagnostics:StoreFiles START ---
2014-11-13 12:14:17.726+0000 INFO  [org.neo4j]: Disk space on partition (Total / Free / Free %): 988233592832 / 676315250688 / 68
Storage files: (filename : modification date - size)
      active_tx_log: 2014-11-13T14:14:17+0200 - 11.00 B
      index:
        lucene-store.db: 2014-11-13T14:14:17+0200 - 40.00 B
        lucene.log.1: 2014-11-13T14:14:17+0200 - 16.00 B
        lucene.log.active: 2014-11-13T14:14:17+0200 - 4.00 B
      - Total: 2014-11-13T14:14:17+0200 - 60.00 B
      lock: 2014-11-13T14:14:12+0200 - 0.00 B
      messages.log: 2014-11-13T14:14:11+0200 - 26.00 kB
      neostore: 2014-11-13T14:14:17+0200 - 81.00 B
      neostore.id: 2014-11-13T14:14:17+0200 - 9.00 B
      neostore.labeltokenstore.db: 2014-11-13T14:14:17+0200 - 0.00 B
      neostore.labeltokenstore.db.id: 2014-11-13T14:14:15+0200 - 9.00 B
      neostore.labeltokenstore.db.names: 2014-11-13T14:14:17+0200 - 38.00 B
      neostore.labeltokenstore.db.names.id: 2014-11-13T14:14:15+0200 - 9.00 B
      neostore.nodestore.db: 2014-11-13T14:14:17+0200 - 0.00 B
      neostore.nodestore.db.id: 2014-11-13T14:14:16+0200 - 9.00 B
      neostore.nodestore.db.labels: 2014-11-13T14:14:17+0200 - 68.00 B
      neostore.nodestore.db.labels.id: 2014-11-13T14:14:16+0200 - 9.00 B
      neostore.propertystore.db: 2014-11-13T14:14:17+0200 - 0.00 B
      neostore.propertystore.db.arrays: 2014-11-13T14:14:17+0200 - 128.00 B
      neostore.propertystore.db.arrays.id: 2014-11-13T14:14:16+0200 - 9.00 B
      neostore.propertystore.db.id: 2014-11-13T14:14:16+0200 - 9.00 B
      neostore.propertystore.db.index: 2014-11-13T14:14:17+0200 - 0.00 B
      neostore.propertystore.db.index.id: 2014-11-13T14:14:15+0200 - 9.00 B
      neostore.propertystore.db.index.keys: 2014-11-13T14:14:17+0200 - 38.00 B
      neostore.propertystore.db.index.keys.id: 2014-11-13T14:14:15+0200 - 9.00 B
      neostore.propertystore.db.strings: 2014-11-13T14:14:17+0200 - 128.00 B
      neostore.propertystore.db.strings.id: 2014-11-13T14:14:15+0200 - 9.00 B
      neostore.relationshipgroupstore.db: 2014-11-13T14:14:17+0200 - 25.00 B
      neostore.relationshipgroupstore.db.id: 2014-11-13T14:14:17+0200 - 9.00 B
      neostore.relationshipstore.db: 2014-11-13T14:14:17+0200 - 0.00 B
      neostore.relationshipstore.db.id: 2014-11-13T14:14:16+0200 - 9.00 B
      neostore.relationshiptypestore.db: 2014-11-13T14:14:17+0200 - 0.00 B
      neostore.relationshiptypestore.db.id: 2014-11-13T14:14:15+0200 - 9.00 B
      neostore.relationshiptypestore.db.names: 2014-11-13T14:14:17+0200 - 38.00 B
      neostore.relationshiptypestore.db.names.id: 2014-11-13T14:14:15+0200 - 9.00 B
      neostore.schemastore.db: 2014-11-13T14:14:17+0200 - 64.00 B
      neostore.schemastore.db.id: 2014-11-13T14:14:16+0200 - 9.00 B
      nioneo_logical.log.1: 2014-11-13T14:14:17+0200 - 16.00 B
      nioneo_logical.log.active: 2014-11-13T14:14:17+0200 - 4.00 B
      schema:
        label:
          lucene:
            write.lock: 2014-11-13T14:14:17+0200 - 0.00 B
          - Total: 2014-11-13T14:14:17+0200 - 0.00 B
        - Total: 2014-11-13T14:14:17+0200 - 0.00 B
      - Total: 2014-11-13T14:14:17+0200 - 0.00 B
      store_lock: 2014-11-13T14:14:12+0200 - 0.00 B
      tm_tx_log.1: 2014-11-13T14:14:17+0200 - 0.00 B
2014-11-13 12:14:17.757+0000 INFO  [org.neo4j]: --- STARTED diagnostics for KernelDiagnostics:StoreFiles END ---
2014-11-13 12:14:17.804+0000 INFO  [org.neo4j]: Database is now ready
2014-11-13 12:14:19.180+0000 INFO  [org.neo4j]: Index population started: [:User(username) [provider: {key=lucene, version=1.0}]]
2014-11-13 12:14:19.539+0000 INFO  [org.neo4j]: Index population completed. Index is now online: [:User(username) [provider: {key=lucene, version=1.0}]]
2014-11-13 12:14:20.977+0000 INFO  [org.neo4j]: GC Monitor: Application threads blocked for 524ms.
2014-11-13 12:14:22.524+0000 INFO  [org.neo4j]: GC Monitor: Application threads blocked for 895ms.
2014-11-13 12:14:24.994+0000 INFO  [org.neo4j]: GC Monitor: Application threads blocked for 1207ms.
2014-11-13 12:14:29.347+0000 INFO  [org.neo4j]: Shutdown started
2014-11-13 12:14:29.357+0000 INFO  [org.neo4j]: Database is now unavailable
2014-11-13 12:14:29.452+0000 INFO  [org.neo4j]: Closed log target\neo4j-store-with-new-indexing\index\lucene.log
2014-11-13 12:14:29.483+0000 INFO  [org.neo4j]: TM shutting down
2014-11-13 12:14:30.233+0000 INFO  [org.neo4j]: Closed log target\neo4j-store-with-new-indexing\nioneo_logical.log
2014-11-13 12:14:30.264+0000 INFO  [org.neo4j]: target\neo4j-store-with-new-indexing\neostore.relationshiptypestore.db.names hit=0 miss=0 switches=0 ooe=0
2014-11-13 12:14:30.389+0000 INFO  [org.neo4j]: target\neo4j-store-with-new-indexing\neostore.relationshiptypestore.db hit=0 miss=0 switches=0 ooe=0
2014-11-13 12:14:30.483+0000 INFO  [org.neo4j]: target\neo4j-store-with-new-indexing\neostore.labeltokenstore.db.names hit=0 miss=1 switches=0 ooe=0
2014-11-13 12:14:30.608+0000 INFO  [org.neo4j]: target\neo4j-store-with-new-indexing\neostore.labeltokenstore.db hit=0 miss=1 switches=0 ooe=0
2014-11-13 12:14:30.717+0000 INFO  [org.neo4j]: target\neo4j-store-with-new-indexing\neostore.propertystore.db.strings hit=0 miss=0 switches=0 ooe=0
2014-11-13 12:14:30.842+0000 INFO  [org.neo4j]: target\neo4j-store-with-new-indexing\neostore.propertystore.db.index.keys hit=0 miss=1 switches=0 ooe=0
2014-11-13 12:14:30.967+0000 INFO  [org.neo4j]: target\neo4j-store-with-new-indexing\neostore.propertystore.db.index hit=0 miss=1 switches=0 ooe=0
2014-11-13 12:14:31.217+0000 INFO  [org.neo4j]: target\neo4j-store-with-new-indexing\neostore.propertystore.db.arrays hit=0 miss=0 switches=0 ooe=0
2014-11-13 12:14:31.342+0000 INFO  [org.neo4j]: target\neo4j-store-with-new-indexing\neostore.propertystore.db hit=100007 miss=0 switches=0 ooe=0
2014-11-13 12:14:31.467+0000 INFO  [org.neo4j]: target\neo4j-store-with-new-indexing\neostore.relationshipstore.db hit=0 miss=0 switches=0 ooe=0
2014-11-13 12:14:31.592+0000 INFO  [org.neo4j]: target\neo4j-store-with-new-indexing\neostore.nodestore.db.labels hit=0 miss=0 switches=0 ooe=0
2014-11-13 12:14:31.686+0000 INFO  [org.neo4j]: target\neo4j-store-with-new-indexing\neostore.nodestore.db hit=100006 miss=0 switches=0 ooe=0
2014-11-13 12:14:31.795+0000 INFO  [org.neo4j]: target\neo4j-store-with-new-indexing\neostore.schemastore.db hit=0 miss=7 switches=0 ooe=0
2014-11-13 12:14:31.920+0000 INFO  [org.neo4j]: target\neo4j-store-with-new-indexing\neostore.relationshipgroupstore.db hit=0 miss=0 switches=0 ooe=0
2014-11-13 12:14:32.108+0000 INFO  [org.neo4j]: target\neo4j-store-with-new-indexing\neostore hit=0 miss=28 switches=0 ooe=0
2014-11-13 12:14:32.217+0000 INFO  [org.neo4j]: NeoStore closed
2014-11-13 12:14:32.217+0000 INFO  [org.neo4j]: --- STOPPING diagnostics START ---
2014-11-13 12:14:32.217+0000 INFO  [org.neo4j]: --- STOPPING diagnostics END ---
