2015-01-11 08:55:22.542+0000 INFO  [org.neo4j]: You are using an unsupported version of the Java runtime. Please use Oracle(R) Java(TM) Runtime Environment 7 or OpenJDK(TM) 7.
2015-01-11 08:55:22.558+0000 INFO  [org.neo4j]: No locking implementation specified, defaulting to 'community'
2015-01-11 08:55:22.625+0000 INFO  [org.neo4j]: --- INITIALIZED diagnostics START ---
2015-01-11 08:55:22.627+0000 INFO  [org.neo4j]: Neo4j Kernel properties:
    neostore.propertystore.db.strings.mapped_memory=23M
    ephemeral=false
    neostore.nodestore.db.mapped_memory=7M
    store_dir=target/neo4j-hello-db
    neostore.propertystore.db.arrays.mapped_memory=27M
    neostore.propertystore.db.mapped_memory=27M
    neostore.relationshipstore.db.mapped_memory=34M
2015-01-11 08:55:22.630+0000 INFO  [org.neo4j]: Diagnostics providers:
    org.neo4j.kernel.configuration.Config
    org.neo4j.kernel.info.DiagnosticsManager
    SYSTEM_MEMORY
    JAVA_MEMORY
    OPERATING_SYSTEM
    JAVA_VIRTUAL_MACHINE
    CLASSPATH
    LIBRARY_PATH
    SYSTEM_PROPERTIES
    NETWORK
2015-01-11 08:55:22.631+0000 INFO  [org.neo4j]: System memory information:
    Total Physical memory: 7.91 GB
    Free Physical memory: 3.83 GB
    Committed virtual memory: 458.18 MB
    Total swap space: 9.16 GB
    Free swap space: 3.80 GB
2015-01-11 08:55:22.633+0000 INFO  [org.neo4j]: JVM memory information:
    Free  memory: 92.41 MB
    Total memory: 276.50 MB
    Max   memory: 455.50 MB
    Garbage Collector: PS Scavenge: [PS Eden Space, PS Survivor Space]
    Garbage Collector: PS MarkSweep: [PS Eden Space, PS Survivor Space, PS Old Gen]
    Memory Pool: Code Cache (Non-heap memory): committed=10.31 MB, used=10.27 MB, max=240.00 MB, threshold=0.00 B
    Memory Pool: Metaspace (Non-heap memory): committed=28.00 MB, used=27.21 MB, max=-1.00 B, threshold=0.00 B
    Memory Pool: Compressed Class Space (Non-heap memory): committed=3.75 MB, used=3.48 MB, max=1.00 GB, threshold=0.00 B
    Memory Pool: PS Eden Space (Heap memory): committed=80.50 MB, used=58.15 MB, max=83.00 MB, threshold=?
    Memory Pool: PS Survivor Space (Heap memory): committed=45.00 MB, used=22.65 MB, max=45.00 MB, threshold=?
    Memory Pool: PS Old Gen (Heap memory): committed=151.00 MB, used=103.29 MB, max=341.50 MB, threshold=0.00 B
2015-01-11 08:55:22.637+0000 INFO  [org.neo4j]: Operating system information:
    Operating System: Windows 8.1; version: 6.3; arch: amd64; cpus: 4
    Process id: 15176@yogi-PC
    Byte order: LITTLE_ENDIAN
    Local timezone: Asia/Jerusalem
2015-01-11 08:55:22.641+0000 INFO  [org.neo4j]: JVM information:
    VM Name: Java HotSpot(TM) 64-Bit Server VM
    VM Vendor: Oracle Corporation
    VM Version: 25.25-b02
    JIT compiler: HotSpot 64-Bit Tiered Compilers
    VM Arguments: [-Xmx512m, -Dfile.encoding=Cp1255]
2015-01-11 08:55:22.642+0000 INFO  [org.neo4j]: Java classpath:
     [classpath] C:\Program Files\neo4j-community-2.1.5\lib\opencsv-2.0.jar
     [classpath] C:\eclipse\plugins\com.google.gwt.eclipse.sdkbundle_2.6.0\gwt-2.6.0\validation-api-1.0.0.GA-sources.jar
     [bootstrap] C:\Program Files\Java\jre1.8.0_25\lib\jce.jar
     [classpath] C:\Program Files\neo4j-community-2.1.5\lib\neo4j-cypher-commons-2.1.5.jar
     [classpath] C:\Program Files\neo4j-community-2.1.5\lib\neo4j-graph-matching-2.1.5.jar
     [classpath] C:\Program Files\neo4j-community-2.1.5\lib\neo4j-kernel-2.1.5.jar
     [classpath + loader.0] file:/C:/eclipse/plugins/com.google.gwt.eclipse.sdkbundle_2.6.0/gwt-2.6.0/gwt-dev.jar
     [bootstrap] C:\Program Files\Java\jre1.8.0_25\lib\jsse.jar
     [classpath] C:\Program Files\neo4j-community-2.1.5\lib\neo4j-primitive-collections-2.1.5.jar
     [bootstrap] C:\Program Files\Java\jre1.8.0_25\classes
     [classpath] C:\Users\yogev\workspace\temp\neo4jingwt2\src
     [classpath] C:\Program Files\neo4j-community-2.1.5\lib\parboiled-core-1.1.6.jar
     [loader.0] file:/C:/Users/yogev/workspace/temp/neo4jingwt2/war/WEB-INF/lib/gwt-servlet.jar
     [classpath] C:\Program Files\neo4j-community-2.1.5\lib\neo4j-cypher-2.1.5.jar
     [bootstrap] C:\Program Files\Java\jre1.8.0_25\lib\sunrsasign.jar
     [classpath] C:\Program Files\neo4j-community-2.1.5\lib\neo4j-lucene-index-2.1.5.jar
     [classpath] C:\Program Files\neo4j-community-2.1.5\lib\parboiled-scala_2.10-1.1.6.jar
     [classpath] C:\Program Files\neo4j-community-2.1.5\lib\concurrentlinkedhashmap-lru-1.3.1.jar
     [classpath] C:\Program Files\neo4j-community-2.1.5\lib\neo4j-cypher-compiler-1.9-2.0.3.jar
     [bootstrap] C:\Program Files\Java\jre1.8.0_25\lib\jfr.jar
     [classpath] C:\eclipse\plugins\com.google.gwt.eclipse.sdkbundle_2.6.0\gwt-2.6.0\gwt-user.jar
     [bootstrap] C:\Program Files\Java\jre1.8.0_25\lib\resources.jar
     [loader.0] file:/C:/Program%20Files/neo4j-community-2.1.5/lib/neo4j-kernel-2.1.5.jar
     [classpath + loader.0] file:/C:/Users/yogev/workspace/temp/neo4jingwt2/war/WEB-INF/classes/
     [bootstrap] C:\Program Files\Java\jre1.8.0_25\lib\rt.jar
     [classpath] C:\Program Files\neo4j-community-2.1.5\lib\neo4j-cypher-compiler-2.0-2.0.3.jar
     [classpath] C:\Program Files\neo4j-community-2.1.5\lib\neo4j-cypher-compiler-2.1-2.1.5.jar
     [classpath] C:\Program Files\neo4j-community-2.1.5\lib\neo4j-jmx-2.1.5.jar
     [classpath] C:\Program Files\neo4j-community-2.1.5\lib\org.apache.servicemix.bundles.jline-0.9.94_1.jar
     [classpath] C:\Program Files\neo4j-community-2.1.5\lib\lucene-core-3.6.2.jar
     [loader.0] file:/C:/Program%20Files/neo4j-community-2.1.5/lib/neo4j-primitive-collections-2.1.5.jar
     [classpath] C:\Program Files\neo4j-community-2.1.5\lib\neo4j-graph-algo-2.1.5.jar
     [classpath] C:\Users\yogev\workspace\temp\neo4jingwt2\test-classes
     [classpath] C:\Program Files\neo4j-community-2.1.5\lib\neo4j-udc-2.1.5.jar
     [classpath] C:\eclipse\plugins\com.google.gwt.eclipse.sdkbundle_2.6.0\gwt-2.6.0\gwt-codeserver.jar
     [classpath] C:\Program Files\neo4j-community-2.1.5\lib\server-api-2.1.5.jar
     [classpath] C:\Program Files\neo4j-community-2.1.5\lib\geronimo-jta_1.1_spec-1.1.1.jar
     [classpath] C:\Program Files\neo4j-community-2.1.5\lib\scala-library-2.10.4.jar
     [classpath] C:\Program Files\neo4j-community-2.1.5\lib\neo4j-shell-2.1.5.jar
     [classpath] C:\eclipse\plugins\com.google.gwt.eclipse.sdkbundle_2.6.0\gwt-2.6.0\validation-api-1.0.0.GA.jar
     [bootstrap] C:\Program Files\Java\jre1.8.0_25\lib\charsets.jar
2015-01-11 08:55:22.655+0000 INFO  [org.neo4j]: Library path:
    C:\Program Files\Java\jre1.8.0_25\bin
    C:\Windows\Sun\Java\bin
    C:\Windows\System32
    C:\Windows
    C:\Program Files\Java\jre1.8.0_25\bin\server
    C:\Program Files\Java\jre1.8.0_25\bin
    C:\Program Files\Java\jre1.8.0_25\lib\amd64
    C:\ProgramData\Oracle\Java\javapath
    C:\Program Files (x86)\Intel\iCLS Client
    C:\Program Files\Intel\iCLS Client
    C:\Windows\System32
    C:\Windows
    C:\Windows\System32\wbem
    C:\Windows\System32\WindowsPowerShell\v1.0
    C:\Program Files\Intel\Intel(R) Management Engine Components\DAL
    C:\Program Files\Intel\Intel(R) Management Engine Components\IPT
    C:\Program Files (x86)\Intel\Intel(R) Management Engine Components\DAL
    C:\Program Files (x86)\Intel\Intel(R) Management Engine Components\IPT
    C:\Program Files\Microsoft\Web Platform Installer
    C:\Program Files\Java\jdk1.8.0_20\bin
    C:\eclipse
    C:\Users\yogev\workspace\temp\neo4jingwt2\war
    C:\Users\yogev\workspace\temp\neo4jingwt2\war
2015-01-11 08:55:22.668+0000 INFO  [org.neo4j]: System.properties:
    sun.boot.library.path = C:\Program Files\Java\jre1.8.0_25\bin
    path.separator = ;
    file.encoding.pkg = sun.io
    user.country = IL
    user.script = 
    sun.java.launcher = SUN_STANDARD
    sun.os.patch.level = 
    user.dir = C:\Users\yogev\workspace\temp\neo4jingwt2\war
    user.variant = 
    sun.jnu.encoding = Cp1255
    sun.management.compiler = HotSpot 64-Bit Tiered Compilers
    user.home = C:\Users\yogev
    user.timezone = Asia/Jerusalem
    file.encoding = Cp1255
    build.compiler = com.google.gwt.dev.shell.jetty.JettyLauncher$JDTCompiler16
    user.name = yogev
    sun.java.command = com.google.gwt.dev.DevMode -remoteUI 50869:225960320011392 -startupUrl Neo4jingwt2.html -logLevel INFO -codeServerPort 9997 -port 8888 -war C:\Users\yogev\workspace\temp\neo4jingwt2\war neo4jingwt2package.Neo4jingwt2
    sun.arch.data.model = 64
    user.language = he
    awt.toolkit = sun.awt.windows.WToolkit
    org.eclipse.jetty.xml.XmlParser.Validating = false
    file.separator = \
    sun.io.unicode.encoding = UnicodeLittle
    sun.cpu.endian = little
    sun.desktop = windows
    sun.cpu.isalist = amd64
2015-01-11 08:55:22.669+0000 INFO  [org.neo4j]: Network information:
    Interface Software Loopback Interface 1:
        address: 127.0.0.1
        address: 0:0:0:0:0:0:0:1
    Interface Microsoft Kernel Debug Network Adapter:
    Interface Realtek PCIe FE Family Controller:
        address: fe80:0:0:0:82a:68b9:ef3e:92dd%eth1
    Interface Dell Wireless 1705 802.11b/g/n (2.4GHZ):
        address: 10.8.4.209
        address: fe80:0:0:0:d5b3:4416:41b5:2e62%wlan0
    Interface Microsoft Wi-Fi Direct Virtual Adapter:
        address: fe80:0:0:0:79a2:7fe8:d8b3:2ee8%wlan1
    Interface Microsoft ISATAP Adapter:
    Interface Microsoft 6to4 Adapter:
    Interface Bluetooth Device (Personal Area Network):
        address: fe80:0:0:0:18d1:933b:2adc:4cd7%eth2
    Interface Bluetooth Device (RFCOMM Protocol TDI):
    Interface Teredo Tunneling Pseudo-Interface:
        address: fe80:0:0:0:0:ffff:ffff:fffe%net3
    Interface Apple Mobile Device Ethernet:
    Interface Microsoft ISATAP Adapter #5:
    Interface Microsoft ISATAP Adapter #3:
    Interface Microsoft ISATAP Adapter #4:
        address: fe80:0:0:0:0:5efe:a08:4d1%net6
    Interface Microsoft ISATAP Adapter #6:
        address: fe80:0:0:0:0:5efe:c0a8:6a01%net7
    Interface Realtek PCIe FE Family Controller-WFP Native MAC Layer LightWeight Filter-0000:
    Interface Realtek PCIe FE Family Controller-QoS Packet Scheduler-0000:
    Interface Realtek PCIe FE Family Controller-WFP 802.3 MAC Layer LightWeight Filter-0000:
    Interface Dell Wireless 1705 802.11b/g/n (2.4GHZ)-WFP Native MAC Layer LightWeight Filter-0000:
    Interface Dell Wireless 1705 802.11b/g/n (2.4GHZ)-Virtual WiFi Filter Driver-0000:
    Interface Dell Wireless 1705 802.11b/g/n (2.4GHZ)-Native WiFi Filter Driver-0000:
    Interface Dell Wireless 1705 802.11b/g/n (2.4GHZ)-QoS Packet Scheduler-0000:
    Interface Dell Wireless 1705 802.11b/g/n (2.4GHZ)-WFP 802.3 MAC Layer LightWeight Filter-0000:
    Interface Microsoft Wi-Fi Direct Virtual Adapter-WFP Native MAC Layer LightWeight Filter-0000:
    Interface Microsoft Wi-Fi Direct Virtual Adapter-Native WiFi Filter Driver-0000:
    Interface Microsoft Wi-Fi Direct Virtual Adapter-QoS Packet Scheduler-0000:
    Interface Microsoft Wi-Fi Direct Virtual Adapter-WFP 802.3 MAC Layer LightWeight Filter-0000:
    Interface VMware Virtual Ethernet Adapter for VMnet1:
        address: 192.168.220.1
        address: fe80:0:0:0:487e:8ced:c23e:1129%eth7
    Interface VMware Virtual Ethernet Adapter for VMnet8:
        address: 192.168.106.1
        address: fe80:0:0:0:f4f9:9ee1:ceaa:21fc%eth8
    Interface Microsoft ISATAP Adapter #2:
        address: fe80:0:0:0:0:5efe:c0a8:dc01%net8
2015-01-11 08:55:22.758+0000 INFO  [org.neo4j]: --- INITIALIZED diagnostics END ---
2015-01-11 08:55:22.765+0000 INFO  [org.neo4j]: Creating new db @ target\neo4j-hello-db\neostore
2015-01-11 08:55:24.498+0000 INFO  [org.neo4j]: [target\neo4j-hello-db\neostore.relationshiptypestore.db.names] brickCount=0 brickSize=0b mappedMem=0b (storeSize=38b)
2015-01-11 08:55:24.500+0000 INFO  [org.neo4j]: [target\neo4j-hello-db\neostore.relationshiptypestore.db] brickCount=0 brickSize=0b mappedMem=0b (storeSize=0b)
2015-01-11 08:55:24.535+0000 INFO  [org.neo4j]: target\neo4j-hello-db\neostore.relationshiptypestore.db.names hit=0 miss=0 switches=0 ooe=0
2015-01-11 08:55:24.688+0000 INFO  [org.neo4j]: target\neo4j-hello-db\neostore.relationshiptypestore.db hit=0 miss=0 switches=0 ooe=0
2015-01-11 08:55:25.182+0000 INFO  [org.neo4j]: [target\neo4j-hello-db\neostore.labeltokenstore.db.names] brickCount=0 brickSize=0b mappedMem=0b (storeSize=38b)
2015-01-11 08:55:25.184+0000 INFO  [org.neo4j]: [target\neo4j-hello-db\neostore.labeltokenstore.db] brickCount=0 brickSize=0b mappedMem=0b (storeSize=0b)
2015-01-11 08:55:25.302+0000 INFO  [org.neo4j]: target\neo4j-hello-db\neostore.labeltokenstore.db.names hit=0 miss=0 switches=0 ooe=0
2015-01-11 08:55:25.487+0000 INFO  [org.neo4j]: target\neo4j-hello-db\neostore.labeltokenstore.db hit=0 miss=0 switches=0 ooe=0
2015-01-11 08:55:26.035+0000 INFO  [org.neo4j]: [target\neo4j-hello-db\neostore.relationshiptypestore.db.names] brickCount=0 brickSize=0b mappedMem=0b (storeSize=38b)
2015-01-11 08:55:26.035+0000 INFO  [org.neo4j]: [target\neo4j-hello-db\neostore.relationshiptypestore.db] brickCount=0 brickSize=0b mappedMem=0b (storeSize=0b)
2015-01-11 08:55:26.036+0000 INFO  [org.neo4j]: [target\neo4j-hello-db\neostore.labeltokenstore.db.names] brickCount=0 brickSize=0b mappedMem=0b (storeSize=38b)
2015-01-11 08:55:26.037+0000 INFO  [org.neo4j]: [target\neo4j-hello-db\neostore.labeltokenstore.db] brickCount=0 brickSize=0b mappedMem=0b (storeSize=0b)
2015-01-11 08:55:26.038+0000 INFO  [org.neo4j]: [target\neo4j-hello-db\neostore.propertystore.db.strings] brickCount=0 brickSize=24064b mappedMem=24117248b (storeSize=128b)
2015-01-11 08:55:26.039+0000 INFO  [org.neo4j]: [target\neo4j-hello-db\neostore.propertystore.db.index.keys] brickCount=0 brickSize=0b mappedMem=0b (storeSize=38b)
2015-01-11 08:55:26.039+0000 INFO  [org.neo4j]: [target\neo4j-hello-db\neostore.propertystore.db.index] brickCount=0 brickSize=0b mappedMem=0b (storeSize=0b)
2015-01-11 08:55:26.040+0000 INFO  [org.neo4j]: [target\neo4j-hello-db\neostore.propertystore.db.arrays] brickCount=0 brickSize=28288b mappedMem=28311552b (storeSize=128b)
2015-01-11 08:55:26.043+0000 INFO  [org.neo4j]: [target\neo4j-hello-db\neostore.propertystore.db] brickCount=0 brickSize=283105b mappedMem=28311552b (storeSize=0b)
2015-01-11 08:55:26.046+0000 INFO  [org.neo4j]: [target\neo4j-hello-db\neostore.relationshipstore.db] brickCount=0 brickSize=356490b mappedMem=35651584b (storeSize=0b)
2015-01-11 08:55:26.047+0000 INFO  [org.neo4j]: [target\neo4j-hello-db\neostore.nodestore.db.labels] brickCount=0 brickSize=0b mappedMem=0b (storeSize=68b)
2015-01-11 08:55:26.049+0000 INFO  [org.neo4j]: [target\neo4j-hello-db\neostore.nodestore.db] brickCount=0 brickSize=73395b mappedMem=7340032b (storeSize=0b)
2015-01-11 08:55:26.050+0000 INFO  [org.neo4j]: [target\neo4j-hello-db\neostore.schemastore.db] brickCount=0 brickSize=0b mappedMem=0b (storeSize=64b)
2015-01-11 08:55:26.052+0000 INFO  [org.neo4j]: [target\neo4j-hello-db\neostore.relationshipgroupstore.db] brickCount=0 brickSize=0b mappedMem=0b (storeSize=25b)
2015-01-11 08:55:26.053+0000 INFO  [org.neo4j]: [target\neo4j-hello-db\neostore] brickCount=0 brickSize=0b mappedMem=0b (storeSize=0b)
2015-01-11 08:55:26.088+0000 INFO  [org.neo4j]: target\neo4j-hello-db\neostore.relationshiptypestore.db.names hit=0 miss=0 switches=0 ooe=0
2015-01-11 08:55:26.274+0000 INFO  [org.neo4j]: target\neo4j-hello-db\neostore.relationshiptypestore.db hit=0 miss=0 switches=0 ooe=0
2015-01-11 08:55:26.441+0000 INFO  [org.neo4j]: target\neo4j-hello-db\neostore.labeltokenstore.db.names hit=0 miss=0 switches=0 ooe=0
2015-01-11 08:55:26.763+0000 INFO  [org.neo4j]: target\neo4j-hello-db\neostore.labeltokenstore.db hit=0 miss=0 switches=0 ooe=0
2015-01-11 08:55:26.917+0000 INFO  [org.neo4j]: target\neo4j-hello-db\neostore.propertystore.db.strings hit=0 miss=0 switches=0 ooe=0
2015-01-11 08:55:27.074+0000 INFO  [org.neo4j]: target\neo4j-hello-db\neostore.propertystore.db.index.keys hit=0 miss=0 switches=0 ooe=0
2015-01-11 08:55:27.344+0000 INFO  [org.neo4j]: target\neo4j-hello-db\neostore.propertystore.db.index hit=0 miss=0 switches=0 ooe=0
2015-01-11 08:55:27.539+0000 INFO  [org.neo4j]: target\neo4j-hello-db\neostore.propertystore.db.arrays hit=0 miss=0 switches=0 ooe=0
2015-01-11 08:55:27.684+0000 INFO  [org.neo4j]: target\neo4j-hello-db\neostore.propertystore.db hit=0 miss=0 switches=0 ooe=0
2015-01-11 08:55:27.850+0000 INFO  [org.neo4j]: target\neo4j-hello-db\neostore.relationshipstore.db hit=0 miss=0 switches=0 ooe=0
2015-01-11 08:55:28.017+0000 INFO  [org.neo4j]: target\neo4j-hello-db\neostore.nodestore.db.labels hit=0 miss=0 switches=0 ooe=0
2015-01-11 08:55:28.160+0000 INFO  [org.neo4j]: target\neo4j-hello-db\neostore.nodestore.db hit=0 miss=0 switches=0 ooe=0
2015-01-11 08:55:28.370+0000 INFO  [org.neo4j]: target\neo4j-hello-db\neostore.schemastore.db hit=0 miss=0 switches=0 ooe=0
2015-01-11 08:55:28.593+0000 INFO  [org.neo4j]: target\neo4j-hello-db\neostore.relationshipgroupstore.db hit=0 miss=0 switches=0 ooe=0
2015-01-11 08:55:28.773+0000 INFO  [org.neo4j]: target\neo4j-hello-db\neostore hit=0 miss=10 switches=0 ooe=0
2015-01-11 08:55:28.940+0000 INFO  [org.neo4j]: --- STOPPING diagnostics START ---
2015-01-11 08:55:28.940+0000 INFO  [org.neo4j]: --- STOPPING diagnostics END ---
2015-01-11 08:55:28.941+0000 INFO  [org.neo4j]: Startup failed: Component 'org.neo4j.kernel.impl.transaction.XaDataSourceManager@575b29d0' was successfully initialized, but failed to start. Please see attached cause exception.: Component 'org.neo4j.kernel.impl.nioneo.xa.NeoStoreXaDataSource@53c32073' was successfully initialized, but failed to start. Please see attached cause exception.: No schema index provider org.neo4j.kernel.api.index.SchemaIndexProvider found. Kernel extensions available on classpath: 

Class path entries:
  C:\Users\yogev\workspace\temp\neo4jingwt2\src
  C:\Users\yogev\workspace\temp\neo4jingwt2\test-classes
  C:\Users\yogev\workspace\temp\neo4jingwt2\war\WEB-INF\classes
  C:\eclipse\plugins\com.google.gwt.eclipse.sdkbundle_2.6.0\gwt-2.6.0\gwt-user.jar
  C:\eclipse\plugins\com.google.gwt.eclipse.sdkbundle_2.6.0\gwt-2.6.0\gwt-codeserver.jar
  C:\eclipse\plugins\com.google.gwt.eclipse.sdkbundle_2.6.0\gwt-2.6.0\gwt-dev.jar
  C:\eclipse\plugins\com.google.gwt.eclipse.sdkbundle_2.6.0\gwt-2.6.0\validation-api-1.0.0.GA-sources.jar
  C:\eclipse\plugins\com.google.gwt.eclipse.sdkbundle_2.6.0\gwt-2.6.0\validation-api-1.0.0.GA.jar
  C:\Program Files\neo4j-community-2.1.5\lib\concurrentlinkedhashmap-lru-1.3.1.jar
  C:\Program Files\neo4j-community-2.1.5\lib\geronimo-jta_1.1_spec-1.1.1.jar
  C:\Program Files\neo4j-community-2.1.5\lib\lucene-core-3.6.2.jar
  C:\Program Files\neo4j-community-2.1.5\lib\neo4j-cypher-2.1.5.jar
  C:\Program Files\neo4j-community-2.1.5\lib\neo4j-cypher-commons-2.1.5.jar
  C:\Program Files\neo4j-community-2.1.5\lib\neo4j-cypher-compiler-1.9-2.0.3.jar
  C:\Program Files\neo4j-community-2.1.5\lib\neo4j-cypher-compiler-2.0-2.0.3.jar
  C:\Program Files\neo4j-community-2.1.5\lib\neo4j-cypher-compiler-2.1-2.1.5.jar
  C:\Program Files\neo4j-community-2.1.5\lib\neo4j-graph-algo-2.1.5.jar
  C:\Program Files\neo4j-community-2.1.5\lib\neo4j-graph-matching-2.1.5.jar
  C:\Program Files\neo4j-community-2.1.5\lib\neo4j-jmx-2.1.5.jar
  C:\Program Files\neo4j-community-2.1.5\lib\neo4j-kernel-2.1.5.jar
  C:\Program Files\neo4j-community-2.1.5\lib\neo4j-lucene-index-2.1.5.jar
  C:\Program Files\neo4j-community-2.1.5\lib\neo4j-primitive-collections-2.1.5.jar
  C:\Program Files\neo4j-community-2.1.5\lib\neo4j-shell-2.1.5.jar
  C:\Program Files\neo4j-community-2.1.5\lib\neo4j-udc-2.1.5.jar
  C:\Program Files\neo4j-community-2.1.5\lib\opencsv-2.0.jar
  C:\Program Files\neo4j-community-2.1.5\lib\org.apache.servicemix.bundles.jline-0.9.94_1.jar
  C:\Program Files\neo4j-community-2.1.5\lib\parboiled-core-1.1.6.jar
  C:\Program Files\neo4j-community-2.1.5\lib\parboiled-scala_2.10-1.1.6.jar
  C:\Program Files\neo4j-community-2.1.5\lib\scala-library-2.10.4.jar
  C:\Program Files\neo4j-community-2.1.5\lib\server-api-2.1.5.jar
2015-01-11 08:55:28.941+0000 INFO  [org.neo4j]: Shutdown started
