2015-01-11 09:20:56.441+0000 INFO  [org.neo4j]: You are using an unsupported version of the Java runtime. Please use Oracle(R) Java(TM) Runtime Environment 7 or OpenJDK(TM) 7.
2015-01-11 09:20:56.472+0000 INFO  [org.neo4j]: No locking implementation specified, defaulting to 'community'
2015-01-11 09:20:56.550+0000 INFO  [org.neo4j]: --- INITIALIZED diagnostics START ---
2015-01-11 09:20:56.550+0000 INFO  [org.neo4j]: Neo4j Kernel properties:
    neostore.propertystore.db.strings.mapped_memory=93M
    ephemeral=false
    neostore.nodestore.db.mapped_memory=30M
    store_dir=target/neo4j-hello-db
    neostore.propertystore.db.arrays.mapped_memory=106M
    neostore.propertystore.db.mapped_memory=110M
    neostore.relationshipstore.db.mapped_memory=134M
2015-01-11 09:20:56.550+0000 INFO  [org.neo4j]: Diagnostics providers:
    org.neo4j.kernel.configuration.Config
    org.neo4j.kernel.info.DiagnosticsManager
    SYSTEM_MEMORY
    JAVA_MEMORY
    OPERATING_SYSTEM
    JAVA_VIRTUAL_MACHINE
    CLASSPATH
    LIBRARY_PATH
    SYSTEM_PROPERTIES
    NETWORK
2015-01-11 09:20:56.550+0000 INFO  [org.neo4j]: System memory information:
    Total Physical memory: 7.91 GB
    Free Physical memory: 3.92 GB
    Committed virtual memory: 232.10 MB
    Total swap space: 9.16 GB
    Free swap space: 3.59 GB
2015-01-11 09:20:56.550+0000 INFO  [org.neo4j]: JVM memory information:
    Free  memory: 107.35 MB
    Total memory: 123.00 MB
    Max   memory: 1.76 GB
    Garbage Collector: PS Scavenge: [PS Eden Space, PS Survivor Space]
    Garbage Collector: PS MarkSweep: [PS Eden Space, PS Survivor Space, PS Old Gen]
    Memory Pool: Code Cache (Non-heap memory): committed=2.44 MB, used=2.27 MB, max=240.00 MB, threshold=0.00 B
    Memory Pool: Metaspace (Non-heap memory): committed=6.63 MB, used=6.29 MB, max=-1.00 B, threshold=0.00 B
    Memory Pool: Compressed Class Space (Non-heap memory): committed=896.00 kB, used=842.16 kB, max=1.00 GB, threshold=0.00 B
    Memory Pool: PS Eden Space (Heap memory): committed=32.50 MB, used=15.65 MB, max=664.50 MB, threshold=?
    Memory Pool: PS Survivor Space (Heap memory): committed=5.00 MB, used=0.00 B, max=5.00 MB, threshold=?
    Memory Pool: PS Old Gen (Heap memory): committed=85.50 MB, used=0.00 B, max=1.32 GB, threshold=0.00 B
2015-01-11 09:20:56.566+0000 INFO  [org.neo4j]: Operating system information:
    Operating System: Windows 8.1; version: 6.3; arch: amd64; cpus: 4
    Process id: 9512@yogi-PC
    Byte order: LITTLE_ENDIAN
    Local timezone: Asia/Jerusalem
2015-01-11 09:20:56.582+0000 INFO  [org.neo4j]: JVM information:
    VM Name: Java HotSpot(TM) 64-Bit Server VM
    VM Vendor: Oracle Corporation
    VM Version: 25.25-b02
    JIT compiler: HotSpot 64-Bit Tiered Compilers
    VM Arguments: [-Dfile.encoding=Cp1255]
2015-01-11 09:20:56.582+0000 INFO  [org.neo4j]: Java classpath:
     [classpath] C:\Program Files\neo4j-community-2.1.5\lib\neo4j-kernel-2.1.5.jar
     [bootstrap] C:\Program Files\Java\jre1.8.0_25\lib\jsse.jar
     [loader.0] file:/C:/Program%20Files/neo4j-community-2.1.5/lib/neo4j-cypher-2.1.5.jar
     [classpath] C:\Program Files\neo4j-community-2.1.5\lib\neo4j-primitive-collections-2.1.5.jar
     [loader.0] file:/C:/Program%20Files/neo4j-community-2.1.5/lib/parboiled-core-1.1.6.jar
     [classpath] C:\Program Files\neo4j-community-2.1.5\lib\parboiled-core-1.1.6.jar
     [bootstrap] C:\Program Files\Java\jre1.8.0_25\lib\sunrsasign.jar
     [classpath] C:\Program Files\neo4j-community-2.1.5\lib\parboiled-scala_2.10-1.1.6.jar
     [loader.0] file:/C:/Program%20Files/neo4j-community-2.1.5/lib/neo4j-cypher-compiler-2.0-2.0.3.jar
     [loader.0] file:/C:/Program%20Files/neo4j-community-2.1.5/lib/opencsv-2.0.jar
     [loader.0] file:/C:/Program%20Files/neo4j-community-2.1.5/lib/parboiled-scala_2.10-1.1.6.jar
     [loader.0] file:/C:/Program%20Files/neo4j-community-2.1.5/lib/neo4j-cypher-compiler-2.1-2.1.5.jar
     [loader.0] file:/C:/Program%20Files/neo4j-community-2.1.5/lib/lucene-core-3.6.2.jar
     [classpath] C:\Users\yogev\workspace\temp\neo4j helloWorld\bin
     [classpath] C:\Program Files\neo4j-community-2.1.5\lib\neo4j-cypher-compiler-2.0-2.0.3.jar
     [classpath] C:\Program Files\neo4j-community-2.1.5\lib\neo4j-cypher-compiler-2.1-2.1.5.jar
     [classpath] C:\Program Files\neo4j-community-2.1.5\lib\neo4j-jmx-2.1.5.jar
     [classpath] C:\Program Files\neo4j-community-2.1.5\lib\org.apache.servicemix.bundles.jline-0.9.94_1.jar
     [classpath] C:\Program Files\neo4j-community-2.1.5\lib\lucene-core-3.6.2.jar
     [classpath] C:\Program Files\neo4j-community-2.1.5\lib\neo4j-graph-algo-2.1.5.jar
     [classpath] C:\Program Files\neo4j-community-2.1.5\lib\neo4j-udc-2.1.5.jar
     [loader.0] file:/C:/Users/yogev/workspace/temp/neo4j%20helloWorld/bin/
     [loader.0] file:/C:/Program%20Files/neo4j-community-2.1.5/lib/server-api-2.1.5.jar
     [loader.1] file:/C:/Program%20Files/Java/jre1.8.0_25/lib/ext/dnsns.jar
     [loader.0] file:/C:/Program%20Files/neo4j-community-2.1.5/lib/org.apache.servicemix.bundles.jline-0.9.94_1.jar
     [loader.0] file:/C:/Program%20Files/neo4j-community-2.1.5/lib/neo4j-lucene-index-2.1.5.jar
     [loader.0] file:/C:/Program%20Files/neo4j-community-2.1.5/lib/neo4j-graph-matching-2.1.5.jar
     [loader.1] file:/C:/Program%20Files/Java/jre1.8.0_25/lib/ext/cldrdata.jar
     [loader.1] file:/C:/Program%20Files/Java/jre1.8.0_25/lib/ext/access-bridge-64.jar
     [loader.1] file:/C:/Program%20Files/Java/jre1.8.0_25/lib/ext/nashorn.jar
     [loader.0] file:/C:/Program%20Files/neo4j-community-2.1.5/lib/neo4j-cypher-compiler-1.9-2.0.3.jar
     [bootstrap] C:\Program Files\Java\jre1.8.0_25\lib\charsets.jar
     [classpath] C:\Program Files\neo4j-community-2.1.5\lib\opencsv-2.0.jar
     [bootstrap] C:\Program Files\Java\jre1.8.0_25\lib\jce.jar
     [classpath] C:\Program Files\neo4j-community-2.1.5\lib\neo4j-cypher-commons-2.1.5.jar
     [classpath] C:\Program Files\neo4j-community-2.1.5\lib\neo4j-graph-matching-2.1.5.jar
     [bootstrap] C:\Program Files\Java\jre1.8.0_25\classes
     [loader.1] file:/C:/Program%20Files/Java/jre1.8.0_25/lib/ext/localedata.jar
     [classpath] C:\Program Files\neo4j-community-2.1.5\lib\neo4j-cypher-2.1.5.jar
     [classpath] C:\Program Files\neo4j-community-2.1.5\lib\neo4j-lucene-index-2.1.5.jar
     [classpath] C:\Program Files\neo4j-community-2.1.5\lib\concurrentlinkedhashmap-lru-1.3.1.jar
     [classpath] C:\Program Files\neo4j-community-2.1.5\lib\neo4j-cypher-compiler-1.9-2.0.3.jar
     [loader.0] file:/C:/Program%20Files/neo4j-community-2.1.5/lib/geronimo-jta_1.1_spec-1.1.1.jar
     [loader.1] file:/C:/Program%20Files/Java/jre1.8.0_25/lib/ext/sunmscapi.jar
     [bootstrap] C:\Program Files\Java\jre1.8.0_25\lib\jfr.jar
     [loader.0] file:/C:/Program%20Files/neo4j-community-2.1.5/lib/neo4j-shell-2.1.5.jar
     [bootstrap] C:\Program Files\Java\jre1.8.0_25\lib\resources.jar
     [loader.0] file:/C:/Program%20Files/neo4j-community-2.1.5/lib/neo4j-kernel-2.1.5.jar
     [loader.1] file:/C:/Program%20Files/Java/jre1.8.0_25/lib/ext/jaccess.jar
     [bootstrap] C:\Program Files\Java\jre1.8.0_25\lib\rt.jar
     [loader.1] file:/C:/Program%20Files/Java/jre1.8.0_25/lib/ext/zipfs.jar
     [loader.0] file:/C:/Program%20Files/neo4j-community-2.1.5/lib/concurrentlinkedhashmap-lru-1.3.1.jar
     [loader.0] file:/C:/Program%20Files/neo4j-community-2.1.5/lib/neo4j-graph-algo-2.1.5.jar
     [loader.1] file:/C:/Program%20Files/Java/jre1.8.0_25/lib/ext/sunjce_provider.jar
     [loader.0] file:/C:/Program%20Files/neo4j-community-2.1.5/lib/neo4j-cypher-commons-2.1.5.jar
     [loader.0] file:/C:/Program%20Files/neo4j-community-2.1.5/lib/neo4j-primitive-collections-2.1.5.jar
     [loader.1] file:/C:/Program%20Files/Java/jre1.8.0_25/lib/ext/sunec.jar
     [classpath] C:\Program Files\neo4j-community-2.1.5\lib\server-api-2.1.5.jar
     [loader.0] file:/C:/Program%20Files/neo4j-community-2.1.5/lib/scala-library-2.10.4.jar
     [classpath] C:\Program Files\neo4j-community-2.1.5\lib\geronimo-jta_1.1_spec-1.1.1.jar
     [classpath] C:\Program Files\neo4j-community-2.1.5\lib\scala-library-2.10.4.jar
     [loader.1] file:/C:/Program%20Files/Java/jre1.8.0_25/lib/ext/sunpkcs11.jar
     [loader.0] file:/C:/Program%20Files/neo4j-community-2.1.5/lib/neo4j-udc-2.1.5.jar
     [classpath] C:\Program Files\neo4j-community-2.1.5\lib\neo4j-shell-2.1.5.jar
     [loader.0] file:/C:/Program%20Files/neo4j-community-2.1.5/lib/neo4j-jmx-2.1.5.jar
     [loader.1] file:/C:/Program%20Files/Java/jre1.8.0_25/lib/ext/jfxrt.jar
2015-01-11 09:20:56.597+0000 INFO  [org.neo4j]: Library path:
    C:\Program Files\Java\jre1.8.0_25\bin
    C:\Windows\Sun\Java\bin
    C:\Windows\System32
    C:\Windows
    C:\Program Files\Java\jre1.8.0_25\bin\server
    C:\Program Files\Java\jre1.8.0_25\bin
    C:\Program Files\Java\jre1.8.0_25\lib\amd64
    C:\ProgramData\Oracle\Java\javapath
    C:\Program Files (x86)\Intel\iCLS Client
    C:\Program Files\Intel\iCLS Client
    C:\Windows\System32
    C:\Windows
    C:\Windows\System32\wbem
    C:\Windows\System32\WindowsPowerShell\v1.0
    C:\Program Files\Intel\Intel(R) Management Engine Components\DAL
    C:\Program Files\Intel\Intel(R) Management Engine Components\IPT
    C:\Program Files (x86)\Intel\Intel(R) Management Engine Components\DAL
    C:\Program Files (x86)\Intel\Intel(R) Management Engine Components\IPT
    C:\Program Files\Microsoft\Web Platform Installer
    C:\Program Files\Java\jdk1.8.0_20\bin
    C:\eclipse
    C:\Users\yogev\workspace\temp\neo4j helloWorld
    C:\Users\yogev\workspace\temp\neo4j helloWorld
2015-01-11 09:20:56.597+0000 INFO  [org.neo4j]: System.properties:
    sun.boot.library.path = C:\Program Files\Java\jre1.8.0_25\bin
    path.separator = ;
    file.encoding.pkg = sun.io
    user.country = IL
    user.script = 
    sun.java.launcher = SUN_STANDARD
    sun.os.patch.level = 
    user.dir = C:\Users\yogev\workspace\temp\neo4j helloWorld
    user.variant = 
    sun.jnu.encoding = Cp1255
    sun.management.compiler = HotSpot 64-Bit Tiered Compilers
    user.home = C:\Users\yogev
    user.timezone = Asia/Jerusalem
    file.encoding = Cp1255
    user.name = yogev
    sun.java.command = EmbeddedNeo4j
    sun.arch.data.model = 64
    user.language = he
    awt.toolkit = sun.awt.windows.WToolkit
    file.separator = \
    sun.io.unicode.encoding = UnicodeLittle
    sun.cpu.endian = little
    sun.desktop = windows
    sun.cpu.isalist = amd64
2015-01-11 09:20:56.597+0000 INFO  [org.neo4j]: Network information:
    Interface Software Loopback Interface 1:
        address: 127.0.0.1
        address: 0:0:0:0:0:0:0:1
    Interface Microsoft Kernel Debug Network Adapter:
    Interface Realtek PCIe FE Family Controller:
        address: fe80:0:0:0:82a:68b9:ef3e:92dd%eth1
    Interface Dell Wireless 1705 802.11b/g/n (2.4GHZ):
        address: 10.8.4.209
        address: fe80:0:0:0:d5b3:4416:41b5:2e62%wlan0
    Interface Microsoft Wi-Fi Direct Virtual Adapter:
        address: fe80:0:0:0:79a2:7fe8:d8b3:2ee8%wlan1
    Interface Microsoft ISATAP Adapter:
    Interface Microsoft 6to4 Adapter:
    Interface Bluetooth Device (Personal Area Network):
        address: fe80:0:0:0:18d1:933b:2adc:4cd7%eth2
    Interface Bluetooth Device (RFCOMM Protocol TDI):
    Interface Teredo Tunneling Pseudo-Interface:
        address: fe80:0:0:0:0:ffff:ffff:fffe%net3
    Interface Apple Mobile Device Ethernet:
    Interface Microsoft ISATAP Adapter #5:
    Interface Microsoft ISATAP Adapter #3:
    Interface Microsoft ISATAP Adapter #4:
        address: fe80:0:0:0:0:5efe:a08:4d1%net6
    Interface Microsoft ISATAP Adapter #6:
        address: fe80:0:0:0:0:5efe:c0a8:6a01%net7
    Interface Realtek PCIe FE Family Controller-WFP Native MAC Layer LightWeight Filter-0000:
    Interface Realtek PCIe FE Family Controller-QoS Packet Scheduler-0000:
    Interface Realtek PCIe FE Family Controller-WFP 802.3 MAC Layer LightWeight Filter-0000:
    Interface Dell Wireless 1705 802.11b/g/n (2.4GHZ)-WFP Native MAC Layer LightWeight Filter-0000:
    Interface Dell Wireless 1705 802.11b/g/n (2.4GHZ)-Virtual WiFi Filter Driver-0000:
    Interface Dell Wireless 1705 802.11b/g/n (2.4GHZ)-Native WiFi Filter Driver-0000:
    Interface Dell Wireless 1705 802.11b/g/n (2.4GHZ)-QoS Packet Scheduler-0000:
    Interface Dell Wireless 1705 802.11b/g/n (2.4GHZ)-WFP 802.3 MAC Layer LightWeight Filter-0000:
    Interface Microsoft Wi-Fi Direct Virtual Adapter-WFP Native MAC Layer LightWeight Filter-0000:
    Interface Microsoft Wi-Fi Direct Virtual Adapter-Native WiFi Filter Driver-0000:
    Interface Microsoft Wi-Fi Direct Virtual Adapter-QoS Packet Scheduler-0000:
    Interface Microsoft Wi-Fi Direct Virtual Adapter-WFP 802.3 MAC Layer LightWeight Filter-0000:
    Interface VMware Virtual Ethernet Adapter for VMnet1:
        address: 192.168.220.1
        address: fe80:0:0:0:487e:8ced:c23e:1129%eth7
    Interface VMware Virtual Ethernet Adapter for VMnet8:
        address: 192.168.106.1
        address: fe80:0:0:0:f4f9:9ee1:ceaa:21fc%eth8
    Interface Microsoft ISATAP Adapter #2:
        address: fe80:0:0:0:0:5efe:c0a8:dc01%net8
2015-01-11 09:20:56.691+0000 INFO  [org.neo4j]: --- INITIALIZED diagnostics END ---
2015-01-11 09:20:56.816+0000 INFO  [org.neo4j]: Creating new db @ target\neo4j-hello-db\neostore
2015-01-11 09:20:58.747+0000 INFO  [org.neo4j]: [target\neo4j-hello-db\neostore.relationshiptypestore.db.names] brickCount=0 brickSize=0b mappedMem=0b (storeSize=38b)
2015-01-11 09:20:58.747+0000 INFO  [org.neo4j]: [target\neo4j-hello-db\neostore.relationshiptypestore.db] brickCount=0 brickSize=0b mappedMem=0b (storeSize=0b)
2015-01-11 09:20:58.825+0000 INFO  [org.neo4j]: target\neo4j-hello-db\neostore.relationshiptypestore.db.names hit=0 miss=0 switches=0 ooe=0
2015-01-11 09:20:59.122+0000 INFO  [org.neo4j]: target\neo4j-hello-db\neostore.relationshiptypestore.db hit=0 miss=0 switches=0 ooe=0
2015-01-11 09:20:59.606+0000 INFO  [org.neo4j]: [target\neo4j-hello-db\neostore.labeltokenstore.db.names] brickCount=0 brickSize=0b mappedMem=0b (storeSize=38b)
2015-01-11 09:20:59.606+0000 INFO  [org.neo4j]: [target\neo4j-hello-db\neostore.labeltokenstore.db] brickCount=0 brickSize=0b mappedMem=0b (storeSize=0b)
2015-01-11 09:20:59.668+0000 INFO  [org.neo4j]: target\neo4j-hello-db\neostore.labeltokenstore.db.names hit=0 miss=0 switches=0 ooe=0
2015-01-11 09:20:59.825+0000 INFO  [org.neo4j]: target\neo4j-hello-db\neostore.labeltokenstore.db hit=0 miss=0 switches=0 ooe=0
2015-01-11 09:21:00.450+0000 INFO  [org.neo4j]: [target\neo4j-hello-db\neostore.relationshiptypestore.db.names] brickCount=0 brickSize=0b mappedMem=0b (storeSize=38b)
2015-01-11 09:21:00.450+0000 INFO  [org.neo4j]: [target\neo4j-hello-db\neostore.relationshiptypestore.db] brickCount=0 brickSize=0b mappedMem=0b (storeSize=0b)
2015-01-11 09:21:00.450+0000 INFO  [org.neo4j]: [target\neo4j-hello-db\neostore.labeltokenstore.db.names] brickCount=0 brickSize=0b mappedMem=0b (storeSize=38b)
2015-01-11 09:21:00.450+0000 INFO  [org.neo4j]: [target\neo4j-hello-db\neostore.labeltokenstore.db] brickCount=0 brickSize=0b mappedMem=0b (storeSize=0b)
2015-01-11 09:21:00.465+0000 INFO  [org.neo4j]: [target\neo4j-hello-db\neostore.propertystore.db.strings] brickCount=0 brickSize=97408b mappedMem=97517568b (storeSize=128b)
2015-01-11 09:21:00.465+0000 INFO  [org.neo4j]: [target\neo4j-hello-db\neostore.propertystore.db.index.keys] brickCount=0 brickSize=0b mappedMem=0b (storeSize=38b)
2015-01-11 09:21:00.465+0000 INFO  [org.neo4j]: [target\neo4j-hello-db\neostore.propertystore.db.index] brickCount=0 brickSize=0b mappedMem=0b (storeSize=0b)
2015-01-11 09:21:00.465+0000 INFO  [org.neo4j]: [target\neo4j-hello-db\neostore.propertystore.db.arrays] brickCount=0 brickSize=111104b mappedMem=111149056b (storeSize=128b)
2015-01-11 09:21:00.465+0000 INFO  [org.neo4j]: [target\neo4j-hello-db\neostore.propertystore.db] brickCount=0 brickSize=1153412b mappedMem=115343360b (storeSize=0b)
2015-01-11 09:21:00.465+0000 INFO  [org.neo4j]: [target\neo4j-hello-db\neostore.relationshipstore.db] brickCount=0 brickSize=1405084b mappedMem=140509184b (storeSize=0b)
2015-01-11 09:21:00.465+0000 INFO  [org.neo4j]: [target\neo4j-hello-db\neostore.nodestore.db.labels] brickCount=0 brickSize=0b mappedMem=0b (storeSize=68b)
2015-01-11 09:21:00.481+0000 INFO  [org.neo4j]: [target\neo4j-hello-db\neostore.nodestore.db] brickCount=0 brickSize=314565b mappedMem=31457280b (storeSize=0b)
2015-01-11 09:21:00.481+0000 INFO  [org.neo4j]: [target\neo4j-hello-db\neostore.schemastore.db] brickCount=0 brickSize=0b mappedMem=0b (storeSize=64b)
2015-01-11 09:21:00.481+0000 INFO  [org.neo4j]: [target\neo4j-hello-db\neostore.relationshipgroupstore.db] brickCount=0 brickSize=0b mappedMem=0b (storeSize=25b)
2015-01-11 09:21:00.481+0000 INFO  [org.neo4j]: [target\neo4j-hello-db\neostore] brickCount=0 brickSize=0b mappedMem=0b (storeSize=0b)
2015-01-11 09:21:00.543+0000 INFO  [org.neo4j]: target\neo4j-hello-db\neostore.relationshiptypestore.db.names hit=0 miss=0 switches=0 ooe=0
2015-01-11 09:21:00.747+0000 INFO  [org.neo4j]: target\neo4j-hello-db\neostore.relationshiptypestore.db hit=0 miss=0 switches=0 ooe=0
2015-01-11 09:21:00.939+0000 INFO  [org.neo4j]: target\neo4j-hello-db\neostore.labeltokenstore.db.names hit=0 miss=0 switches=0 ooe=0
2015-01-11 09:21:01.111+0000 INFO  [org.neo4j]: target\neo4j-hello-db\neostore.labeltokenstore.db hit=0 miss=0 switches=0 ooe=0
2015-01-11 09:21:01.267+0000 INFO  [org.neo4j]: target\neo4j-hello-db\neostore.propertystore.db.strings hit=0 miss=0 switches=0 ooe=0
2015-01-11 09:21:01.455+0000 INFO  [org.neo4j]: target\neo4j-hello-db\neostore.propertystore.db.index.keys hit=0 miss=0 switches=0 ooe=0
2015-01-11 09:21:01.611+0000 INFO  [org.neo4j]: target\neo4j-hello-db\neostore.propertystore.db.index hit=0 miss=0 switches=0 ooe=0
2015-01-11 09:21:01.783+0000 INFO  [org.neo4j]: target\neo4j-hello-db\neostore.propertystore.db.arrays hit=0 miss=0 switches=0 ooe=0
2015-01-11 09:21:01.958+0000 INFO  [org.neo4j]: target\neo4j-hello-db\neostore.propertystore.db hit=0 miss=0 switches=0 ooe=0
2015-01-11 09:21:02.114+0000 INFO  [org.neo4j]: target\neo4j-hello-db\neostore.relationshipstore.db hit=0 miss=0 switches=0 ooe=0
2015-01-11 09:21:02.286+0000 INFO  [org.neo4j]: target\neo4j-hello-db\neostore.nodestore.db.labels hit=0 miss=0 switches=0 ooe=0
2015-01-11 09:21:02.442+0000 INFO  [org.neo4j]: target\neo4j-hello-db\neostore.nodestore.db hit=0 miss=0 switches=0 ooe=0
2015-01-11 09:21:02.629+0000 INFO  [org.neo4j]: target\neo4j-hello-db\neostore.schemastore.db hit=0 miss=0 switches=0 ooe=0
2015-01-11 09:21:02.817+0000 INFO  [org.neo4j]: target\neo4j-hello-db\neostore.relationshipgroupstore.db hit=0 miss=0 switches=0 ooe=0
2015-01-11 09:21:03.020+0000 INFO  [org.neo4j]: target\neo4j-hello-db\neostore hit=0 miss=10 switches=0 ooe=0
2015-01-11 09:21:03.208+0000 INFO  [org.neo4j]: [target\neo4j-hello-db\neostore.relationshiptypestore.db.names] brickCount=0 brickSize=0b mappedMem=0b (storeSize=38b)
2015-01-11 09:21:03.208+0000 INFO  [org.neo4j]: [target\neo4j-hello-db\neostore.relationshiptypestore.db] brickCount=0 brickSize=0b mappedMem=0b (storeSize=0b)
2015-01-11 09:21:03.208+0000 INFO  [org.neo4j]: [target\neo4j-hello-db\neostore.labeltokenstore.db.names] brickCount=0 brickSize=0b mappedMem=0b (storeSize=38b)
2015-01-11 09:21:03.208+0000 INFO  [org.neo4j]: [target\neo4j-hello-db\neostore.labeltokenstore.db] brickCount=0 brickSize=0b mappedMem=0b (storeSize=0b)
2015-01-11 09:21:03.208+0000 INFO  [org.neo4j]: [target\neo4j-hello-db\neostore.propertystore.db.strings] brickCount=0 brickSize=97408b mappedMem=97517568b (storeSize=128b)
2015-01-11 09:21:03.208+0000 INFO  [org.neo4j]: [target\neo4j-hello-db\neostore.propertystore.db.index.keys] brickCount=0 brickSize=0b mappedMem=0b (storeSize=38b)
2015-01-11 09:21:03.223+0000 INFO  [org.neo4j]: [target\neo4j-hello-db\neostore.propertystore.db.index] brickCount=0 brickSize=0b mappedMem=0b (storeSize=0b)
2015-01-11 09:21:03.223+0000 INFO  [org.neo4j]: [target\neo4j-hello-db\neostore.propertystore.db.arrays] brickCount=0 brickSize=111104b mappedMem=111149056b (storeSize=128b)
2015-01-11 09:21:03.223+0000 INFO  [org.neo4j]: [target\neo4j-hello-db\neostore.propertystore.db] brickCount=0 brickSize=1153412b mappedMem=115343360b (storeSize=0b)
2015-01-11 09:21:03.223+0000 INFO  [org.neo4j]: [target\neo4j-hello-db\neostore.relationshipstore.db] brickCount=0 brickSize=1405084b mappedMem=140509184b (storeSize=0b)
2015-01-11 09:21:03.223+0000 INFO  [org.neo4j]: [target\neo4j-hello-db\neostore.nodestore.db.labels] brickCount=0 brickSize=0b mappedMem=0b (storeSize=68b)
2015-01-11 09:21:03.223+0000 INFO  [org.neo4j]: [target\neo4j-hello-db\neostore.nodestore.db] brickCount=0 brickSize=314565b mappedMem=31457280b (storeSize=0b)
2015-01-11 09:21:03.223+0000 INFO  [org.neo4j]: [target\neo4j-hello-db\neostore.schemastore.db] brickCount=0 brickSize=0b mappedMem=0b (storeSize=64b)
2015-01-11 09:21:03.223+0000 INFO  [org.neo4j]: [target\neo4j-hello-db\neostore.relationshipgroupstore.db] brickCount=0 brickSize=0b mappedMem=0b (storeSize=25b)
2015-01-11 09:21:03.223+0000 INFO  [org.neo4j]: [target\neo4j-hello-db\neostore] brickCount=0 brickSize=0b mappedMem=0b (storeSize=81b)
2015-01-11 09:21:03.286+0000 INFO  [org.neo4j]: No lucene scan store index found, this might just be first use. Preparing to rebuild.
2015-01-11 09:21:03.317+0000 INFO  [org.neo4j]: No lucene scan store index found, this might just be first use. Preparing to rebuild.
2015-01-11 09:21:03.395+0000 INFO  [org.neo4j]: Opened logical log [target\neo4j-hello-db\nioneo_logical.log.1] version=0, lastTxId=1 (clean)
2015-01-11 09:21:03.489+0000 INFO  [org.neo4j]: Rebuilding lucene scan store, this may take a while
2015-01-11 09:21:03.489+0000 INFO  [org.neo4j]: Lucene scan store rebuilt (roughly -1 nodes)
2015-01-11 09:21:03.489+0000 INFO  [org.neo4j]: TM new log: tm_tx_log.1
2015-01-11 09:21:03.536+0000 INFO  [org.neo4j]: Kernel health set to OK
2015-01-11 09:21:03.552+0000 INFO  [org.neo4j]: Opened logical log [target\neo4j-hello-db\index\lucene.log.1] version=0, lastTxId=1 (clean)
2015-01-11 09:21:03.614+0000 INFO  [org.neo4j]: --- STARTED diagnostics for KernelDiagnostics:Versions START ---
2015-01-11 09:21:03.614+0000 INFO  [org.neo4j]: Graph Database: org.neo4j.kernel.EmbeddedGraphDatabase StoreId{creationTime=1420968056847, randomId=-3278690395951755094, storeVersion=14406081294923270, upgradeTime=1420968056847, upgradeId=-3278690395951755094}
2015-01-11 09:21:03.614+0000 INFO  [org.neo4j]: Kernel version: Neo4j - Graph Database Kernel (neo4j-kernel), version: 2.1.5
2015-01-11 09:21:03.614+0000 INFO  [org.neo4j]: Neo4j component versions:
2015-01-11 09:21:03.614+0000 INFO  [org.neo4j]:   Neo4j - Cypher Compiler 1.9 (neo4j-cypher-compiler-1.9), version: 2.0.3; revision: 2.0.3:2.0-maint:72/307c563c11b75fdc71cfa6df05daf9b08d6c37dc
2015-01-11 09:21:03.614+0000 INFO  [org.neo4j]:   Neo4j - Cypher Commons (neo4j-cypher-commons), version: 2.1.5; revision: 2.1.5:2.1-maint:529/45c3cc04946c2b0e243e48c8252e40cb85931744
2015-01-11 09:21:03.614+0000 INFO  [org.neo4j]:   neo4j-udc, version: 2.1.5; revision: 2.1.5:2.1-maint:529/45c3cc04946c2b0e243e48c8252e40cb85931744
2015-01-11 09:21:03.614+0000 INFO  [org.neo4j]:   Neo4j Server API (server-api), version: 2.1.5; revision: 2.1.5:2.1-maint:529/45c3cc04946c2b0e243e48c8252e40cb85931744
2015-01-11 09:21:03.614+0000 INFO  [org.neo4j]:   Neo4j - Lucene Index (neo4j-lucene-index), version: 2.1.5; revision: 2.1.5:2.1-maint:529/45c3cc04946c2b0e243e48c8252e40cb85931744
2015-01-11 09:21:03.614+0000 INFO  [org.neo4j]:   Neo4j - Cypher Compiler 2.0 (neo4j-cypher-compiler-2.0), version: 2.0.3; revision: 2.0.3:2.0-maint:72/307c563c11b75fdc71cfa6df05daf9b08d6c37dc
2015-01-11 09:21:03.614+0000 INFO  [org.neo4j]:   Neo4j - Graph Matching (neo4j-graph-matching), version: 2.1.5; revision: 2.1.5:2.1-maint:529/45c3cc04946c2b0e243e48c8252e40cb85931744
2015-01-11 09:21:03.614+0000 INFO  [org.neo4j]:   Neo4j - Graph Database Kernel (neo4j-kernel), version: 2.1.5; revision: 2.1.5:2.1-maint:529/45c3cc04946c2b0e243e48c8252e40cb85931744
2015-01-11 09:21:03.614+0000 INFO  [org.neo4j]:   Neo4j - JMX support (neo4j-jmx), version: 2.1.5; revision: 2.1.5:2.1-maint:529/45c3cc04946c2b0e243e48c8252e40cb85931744
2015-01-11 09:21:03.614+0000 INFO  [org.neo4j]:   Neo4j - Cypher (neo4j-cypher), version: 2.1.5; revision: 2.1.5:2.1-maint:529/45c3cc04946c2b0e243e48c8252e40cb85931744
2015-01-11 09:21:03.614+0000 INFO  [org.neo4j]:   Neo4j - Generic shell (neo4j-shell), version: 2.1.5; revision: 2.1.5:2.1-maint:529/45c3cc04946c2b0e243e48c8252e40cb85931744
2015-01-11 09:21:03.614+0000 INFO  [org.neo4j]:   Neo4j - Graph Algorithms (neo4j-graph-algo), version: 2.1.5; revision: 2.1.5:2.1-maint:529/45c3cc04946c2b0e243e48c8252e40cb85931744
2015-01-11 09:21:03.614+0000 INFO  [org.neo4j]: --- STARTED diagnostics for KernelDiagnostics:Versions END ---
2015-01-11 09:21:03.614+0000 INFO  [org.neo4j]: --- STARTED diagnostics for NEO_STORE_VERSIONS START ---
2015-01-11 09:21:03.630+0000 INFO  [org.neo4j]: Store versions:
    Store versions:
      NeoStore v0.A.3
      SchemaStore v0.A.3
      NodeStore v0.A.3
      RelationshipStore v0.A.3
      RelationshipTypeStore v0.A.3
      LabelTokenStore v0.A.3
      PropertyStore v0.A.3
      PropertyIndexStore v0.A.3
      StringPropertyStore v0.A.3
      ArrayPropertyStore v0.A.3
      RelationshipGroupStore v0.A.3
2015-01-11 09:21:03.630+0000 INFO  [org.neo4j]: --- STARTED diagnostics for NEO_STORE_VERSIONS END ---
2015-01-11 09:21:03.630+0000 INFO  [org.neo4j]: --- STARTED diagnostics for NEO_STORE_ID_USAGE START ---
2015-01-11 09:21:03.630+0000 INFO  [org.neo4j]: Id usage:
    Id usage:
      SchemaStore: used=1 high=0
      NodeStore: used=0 high=-1
      RelationshipStore: used=0 high=-1
      RelationshipTypeStore: used=0 high=-1
      LabelTokenStore: used=0 high=-1
      PropertyStore: used=0 high=-1
      PropertyIndexStore: used=0 high=-1
      StringPropertyStore: used=1 high=0
      ArrayPropertyStore: used=1 high=0
      RelationshipGroupStore: used=1 high=0
2015-01-11 09:21:03.630+0000 INFO  [org.neo4j]: --- STARTED diagnostics for NEO_STORE_ID_USAGE END ---
2015-01-11 09:21:03.630+0000 INFO  [org.neo4j]: --- STARTED diagnostics for PERSISTENCE_WINDOW_POOL_STATS START ---
2015-01-11 09:21:03.630+0000 INFO  [org.neo4j]: --- STARTED diagnostics for PERSISTENCE_WINDOW_POOL_STATS END ---
2015-01-11 09:21:03.630+0000 INFO  [org.neo4j]: --- STARTED diagnostics for KernelDiagnostics:StoreFiles START ---
2015-01-11 09:21:03.630+0000 INFO  [org.neo4j]: Disk space on partition (Total / Free / Free %): 988233592832 / 656008192000 / 66
Storage files: (filename : modification date - size)
      active_tx_log: 2015-01-11T11:21:03+0200 - 11.00 B
      index:
        lucene-store.db: 2015-01-11T11:21:03+0200 - 40.00 B
        lucene.log.1: 2015-01-11T11:21:03+0200 - 16.00 B
        lucene.log.active: 2015-01-11T11:21:03+0200 - 4.00 B
      - Total: 2015-01-11T11:21:03+0200 - 60.00 B
      lock: 2015-01-11T11:20:56+0200 - 0.00 B
      messages.log: 2015-01-11T11:20:56+0200 - 25.83 kB
      neostore: 2015-01-11T11:21:03+0200 - 81.00 B
      neostore.id: 2015-01-11T11:21:03+0200 - 9.00 B
      neostore.labeltokenstore.db: 2015-01-11T11:21:03+0200 - 0.00 B
      neostore.labeltokenstore.db.id: 2015-01-11T11:21:01+0200 - 9.00 B
      neostore.labeltokenstore.db.names: 2015-01-11T11:21:03+0200 - 38.00 B
      neostore.labeltokenstore.db.names.id: 2015-01-11T11:21:00+0200 - 9.00 B
      neostore.nodestore.db: 2015-01-11T11:21:03+0200 - 0.00 B
      neostore.nodestore.db.id: 2015-01-11T11:21:02+0200 - 9.00 B
      neostore.nodestore.db.labels: 2015-01-11T11:21:03+0200 - 68.00 B
      neostore.nodestore.db.labels.id: 2015-01-11T11:21:02+0200 - 9.00 B
      neostore.propertystore.db: 2015-01-11T11:21:03+0200 - 0.00 B
      neostore.propertystore.db.arrays: 2015-01-11T11:21:03+0200 - 128.00 B
      neostore.propertystore.db.arrays.id: 2015-01-11T11:21:01+0200 - 9.00 B
      neostore.propertystore.db.id: 2015-01-11T11:21:01+0200 - 9.00 B
      neostore.propertystore.db.index: 2015-01-11T11:21:03+0200 - 0.00 B
      neostore.propertystore.db.index.id: 2015-01-11T11:21:01+0200 - 9.00 B
      neostore.propertystore.db.index.keys: 2015-01-11T11:21:03+0200 - 38.00 B
      neostore.propertystore.db.index.keys.id: 2015-01-11T11:21:01+0200 - 9.00 B
      neostore.propertystore.db.strings: 2015-01-11T11:21:03+0200 - 128.00 B
      neostore.propertystore.db.strings.id: 2015-01-11T11:21:01+0200 - 9.00 B
      neostore.relationshipgroupstore.db: 2015-01-11T11:21:03+0200 - 25.00 B
      neostore.relationshipgroupstore.db.id: 2015-01-11T11:21:02+0200 - 9.00 B
      neostore.relationshipstore.db: 2015-01-11T11:21:03+0200 - 0.00 B
      neostore.relationshipstore.db.id: 2015-01-11T11:21:02+0200 - 9.00 B
      neostore.relationshiptypestore.db: 2015-01-11T11:21:03+0200 - 0.00 B
      neostore.relationshiptypestore.db.id: 2015-01-11T11:21:00+0200 - 9.00 B
      neostore.relationshiptypestore.db.names: 2015-01-11T11:21:03+0200 - 38.00 B
      neostore.relationshiptypestore.db.names.id: 2015-01-11T11:21:00+0200 - 9.00 B
      neostore.schemastore.db: 2015-01-11T11:21:03+0200 - 64.00 B
      neostore.schemastore.db.id: 2015-01-11T11:21:02+0200 - 9.00 B
      nioneo_logical.log.1: 2015-01-11T11:21:03+0200 - 16.00 B
      nioneo_logical.log.active: 2015-01-11T11:21:03+0200 - 4.00 B
      schema:
        label:
          lucene:
            write.lock: 2015-01-11T11:21:03+0200 - 0.00 B
          - Total: 2015-01-11T11:21:03+0200 - 0.00 B
        - Total: 2015-01-11T11:21:03+0200 - 0.00 B
      - Total: 2015-01-11T11:21:03+0200 - 0.00 B
      store_lock: 2015-01-11T11:20:56+0200 - 0.00 B
      tm_tx_log.1: 2015-01-11T11:21:03+0200 - 0.00 B
2015-01-11 09:21:03.645+0000 INFO  [org.neo4j]: --- STARTED diagnostics for KernelDiagnostics:StoreFiles END ---
2015-01-11 09:21:03.692+0000 INFO  [org.neo4j]: Database is now ready
2015-01-11 09:21:03.762+0000 INFO  [org.neo4j]: Shutdown started
2015-01-11 09:21:03.762+0000 INFO  [org.neo4j]: Database is now unavailable
2015-01-11 09:21:03.871+0000 INFO  [org.neo4j]: Closed log target\neo4j-hello-db\index\lucene.log
2015-01-11 09:21:03.934+0000 INFO  [org.neo4j]: TM shutting down
2015-01-11 09:21:04.621+0000 INFO  [org.neo4j]: Closed log target\neo4j-hello-db\nioneo_logical.log
2015-01-11 09:21:04.731+0000 INFO  [org.neo4j]: target\neo4j-hello-db\neostore.relationshiptypestore.db.names hit=0 miss=1 switches=0 ooe=0
2015-01-11 09:21:04.918+0000 INFO  [org.neo4j]: target\neo4j-hello-db\neostore.relationshiptypestore.db hit=0 miss=1 switches=0 ooe=0
2015-01-11 09:21:05.090+0000 INFO  [org.neo4j]: target\neo4j-hello-db\neostore.labeltokenstore.db.names hit=0 miss=0 switches=0 ooe=0
2015-01-11 09:21:05.262+0000 INFO  [org.neo4j]: target\neo4j-hello-db\neostore.labeltokenstore.db hit=0 miss=0 switches=0 ooe=0
2015-01-11 09:21:05.450+0000 INFO  [org.neo4j]: target\neo4j-hello-db\neostore.propertystore.db.strings hit=0 miss=0 switches=0 ooe=0
2015-01-11 09:21:05.653+0000 INFO  [org.neo4j]: target\neo4j-hello-db\neostore.propertystore.db.index.keys hit=0 miss=1 switches=0 ooe=0
2015-01-11 09:21:05.830+0000 INFO  [org.neo4j]: target\neo4j-hello-db\neostore.propertystore.db.index hit=0 miss=1 switches=0 ooe=0
2015-01-11 09:21:06.049+0000 INFO  [org.neo4j]: target\neo4j-hello-db\neostore.propertystore.db.arrays hit=0 miss=0 switches=0 ooe=0
2015-01-11 09:21:06.236+0000 INFO  [org.neo4j]: target\neo4j-hello-db\neostore.propertystore.db hit=3 miss=0 switches=0 ooe=0
2015-01-11 09:21:06.424+0000 INFO  [org.neo4j]: target\neo4j-hello-db\neostore.relationshipstore.db hit=1 miss=0 switches=0 ooe=0
2015-01-11 09:21:06.549+0000 INFO  [org.neo4j]: target\neo4j-hello-db\neostore.nodestore.db.labels hit=0 miss=0 switches=0 ooe=0
2015-01-11 09:21:06.736+0000 INFO  [org.neo4j]: target\neo4j-hello-db\neostore.nodestore.db hit=2 miss=0 switches=0 ooe=0
2015-01-11 09:21:06.901+0000 INFO  [org.neo4j]: target\neo4j-hello-db\neostore.schemastore.db hit=0 miss=0 switches=0 ooe=0
2015-01-11 09:21:07.073+0000 INFO  [org.neo4j]: target\neo4j-hello-db\neostore.relationshipgroupstore.db hit=0 miss=0 switches=0 ooe=0
2015-01-11 09:21:07.260+0000 INFO  [org.neo4j]: target\neo4j-hello-db\neostore hit=0 miss=24 switches=0 ooe=0
2015-01-11 09:21:07.401+0000 INFO  [org.neo4j]: NeoStore closed
2015-01-11 09:21:07.401+0000 INFO  [org.neo4j]: --- STOPPING diagnostics START ---
2015-01-11 09:21:07.401+0000 INFO  [org.neo4j]: --- STOPPING diagnostics END ---
